# JRE version: Java(TM) SE Runtime Environment (8.0_161-b12) (build 1.8.0_161-b12)
# Java VM: Java HotSpot(TM) 64-Bit Server VM (25.161-b12 mixed mode windows-amd64 compressed oops)
Heap:
 PSYoungGen      total 76288K, used 17480K [0x00000000d6f80000, 0x00000000dde00000, 0x0000000100000000)
  eden space 64000K, 24% used [0x00000000d6f80000,0x00000000d7f02298,0x00000000dae00000)
  from space 12288K, 13% used [0x00000000dd200000,0x00000000dd390020,0x00000000dde00000)
  to   space 24576K, 0% used [0x00000000dae00000,0x00000000dae00000,0x00000000dc600000)
 ParOldGen       total 135680K, used 41200K [0x0000000084e00000, 0x000000008d280000, 0x00000000d6f80000)
  object space 135680K, 30% used [0x0000000084e00000,0x000000008763c1a0,0x000000008d280000)
 Metaspace       used 31546K, capacity 31906K, committed 32256K, reserved 1077248K
  class space    used 3740K, capacity 3826K, committed 3840K, reserved 1048576K
GC Heap History (10 events):
Event: 6.701 GC heap before
{Heap before GC invocations=9 (full 2):
 PSYoungGen      total 47104K, used 47098K [0x00000000d6f80000, 0x00000000dab00000, 0x0000000100000000)
  eden space 41984K, 100% used [0x00000000d6f80000,0x00000000d9880000,0x00000000d9880000)
  from space 5120K, 99% used [0x00000000d9f80000,0x00000000da47e8c0,0x00000000da480000)
  to   space 7168K, 0% used [0x00000000d9880000,0x00000000d9880000,0x00000000d9f80000)
 ParOldGen       total 56320K, used 11187K [0x0000000084e00000, 0x0000000088500000, 0x00000000d6f80000)
  object space 56320K, 19% used [0x0000000084e00000,0x00000000858ece60,0x0000000088500000)
 Metaspace       used 27154K, capacity 27444K, committed 27904K, reserved 1073152K
  class space    used 3200K, capacity 3297K, committed 3328K, reserved 1048576K
Event: 6.705 GC heap after
Heap after GC invocations=9 (full 2):
 PSYoungGen      total 49152K, used 5178K [0x00000000d6f80000, 0x00000000dba00000, 0x0000000100000000)
  eden space 41984K, 0% used [0x00000000d6f80000,0x00000000d6f80000,0x00000000d9880000)
  from space 7168K, 72% used [0x00000000d9880000,0x00000000d9d8e8c0,0x00000000d9f80000)
  to   space 7168K, 0% used [0x00000000db300000,0x00000000db300000,0x00000000dba00000)
 ParOldGen       total 56320K, used 11195K [0x0000000084e00000, 0x0000000088500000, 0x00000000d6f80000)
  object space 56320K, 19% used [0x0000000084e00000,0x00000000858eee60,0x0000000088500000)
 Metaspace       used 27154K, capacity 27444K, committed 27904K, reserved 1073152K
  class space    used 3200K, capacity 3297K, committed 3328K, reserved 1048576K
}
Event: 8.503 GC heap before
{Heap before GC invocations=10 (full 2):
 PSYoungGen      total 49152K, used 47162K [0x00000000d6f80000, 0x00000000dba00000, 0x0000000100000000)
  eden space 41984K, 100% used [0x00000000d6f80000,0x00000000d9880000,0x00000000d9880000)
  from space 7168K, 72% used [0x00000000d9880000,0x00000000d9d8e8c0,0x00000000d9f80000)
  to   space 7168K, 0% used [0x00000000db300000,0x00000000db300000,0x00000000dba00000)
 ParOldGen       total 56320K, used 11195K [0x0000000084e00000, 0x0000000088500000, 0x00000000d6f80000)
  object space 56320K, 19% used [0x0000000084e00000,0x00000000858eee60,0x0000000088500000)
 Metaspace       used 27638K, capacity 27962K, committed 28288K, reserved 1075200K
  class space    used 3258K, capacity 3362K, committed 3456K, reserved 1048576K
Event: 8.516 GC heap after
Heap after GC invocations=10 (full 2):
 PSYoungGen      total 60416K, used 7165K [0x00000000d6f80000, 0x00000000dca00000, 0x0000000100000000)
  eden space 53248K, 0% used [0x00000000d6f80000,0x00000000d6f80000,0x00000000da380000)
  from space 7168K, 99% used [0x00000000db300000,0x00000000db9ff460,0x00000000dba00000)
  to   space 15872K, 0% used [0x00000000da380000,0x00000000da380000,0x00000000db300000)
 ParOldGen       total 56320K, used 29473K [0x0000000084e00000, 0x0000000088500000, 0x00000000d6f80000)
  object space 56320K, 52% used [0x0000000084e00000,0x0000000086ac86f8,0x0000000088500000)
 Metaspace       used 27638K, capacity 27962K, committed 28288K, reserved 1075200K
  class space    used 3258K, capacity 3362K, committed 3456K, reserved 1048576K
}
Event: 11.936 GC heap before
{Heap before GC invocations=11 (full 2):
 PSYoungGen      total 60416K, used 60413K [0x00000000d6f80000, 0x00000000dca00000, 0x0000000100000000)
  eden space 53248K, 100% used [0x00000000d6f80000,0x00000000da380000,0x00000000da380000)
  from space 7168K, 99% used [0x00000000db300000,0x00000000db9ff460,0x00000000dba00000)
  to   space 15872K, 0% used [0x00000000da380000,0x00000000da380000,0x00000000db300000)
 ParOldGen       total 56320K, used 29473K [0x0000000084e00000, 0x0000000088500000, 0x00000000d6f80000)
  object space 56320K, 52% used [0x0000000084e00000,0x0000000086ac86f8,0x0000000088500000)
 Metaspace       used 30040K, capacity 30400K, committed 30848K, reserved 1077248K
  class space    used 3556K, capacity 3655K, committed 3712K, reserved 1048576K
Event: 11.960 GC heap after
Heap after GC invocations=11 (full 2):
 PSYoungGen      total 69120K, used 15863K [0x00000000d6f80000, 0x00000000dea00000, 0x0000000100000000)
  eden space 53248K, 0% used [0x00000000d6f80000,0x00000000d6f80000,0x00000000da380000)
  from space 15872K, 99% used [0x00000000da380000,0x00000000db2fdfc8,0x00000000db300000)
  to   space 24576K, 0% used [0x00000000dd200000,0x00000000dd200000,0x00000000dea00000)
 ParOldGen       total 56320K, used 44926K [0x0000000084e00000, 0x0000000088500000, 0x00000000d6f80000)
  object space 56320K, 79% used [0x0000000084e00000,0x00000000879df898,0x0000000088500000)
 Metaspace       used 30040K, capacity 30400K, committed 30848K, reserved 1077248K
  class space    used 3556K, capacity 3655K, committed 3712K, reserved 1048576K
}
Event: 11.960 GC heap before
{Heap before GC invocations=12 (full 3):
 PSYoungGen      total 69120K, used 15863K [0x00000000d6f80000, 0x00000000dea00000, 0x0000000100000000)
  eden space 53248K, 0% used [0x00000000d6f80000,0x00000000d6f80000,0x00000000da380000)
  from space 15872K, 99% used [0x00000000da380000,0x00000000db2fdfc8,0x00000000db300000)
  to   space 24576K, 0% used [0x00000000dd200000,0x00000000dd200000,0x00000000dea00000)
 ParOldGen       total 56320K, used 44926K [0x0000000084e00000, 0x0000000088500000, 0x00000000d6f80000)
  object space 56320K, 79% used [0x0000000084e00000,0x00000000879df898,0x0000000088500000)
 Metaspace       used 30040K, capacity 30400K, committed 30848K, reserved 1077248K
  class space    used 3556K, capacity 3655K, committed 3712K, reserved 1048576K
Event: 12.059 GC heap after
Heap after GC invocations=12 (full 3):
 PSYoungGen      total 69120K, used 0K [0x00000000d6f80000, 0x00000000dea00000, 0x0000000100000000)
  eden space 53248K, 0% used [0x00000000d6f80000,0x00000000d6f80000,0x00000000da380000)
  from space 15872K, 0% used [0x00000000da380000,0x00000000da380000,0x00000000db300000)
  to   space 24576K, 0% used [0x00000000dd200000,0x00000000dd200000,0x00000000dea00000)
 ParOldGen       total 135680K, used 41192K [0x0000000084e00000, 0x000000008d280000, 0x00000000d6f80000)
  object space 135680K, 30% used [0x0000000084e00000,0x000000008763a1a0,0x000000008d280000)
 Metaspace       used 30040K, capacity 30400K, committed 30848K, reserved 1077248K
  class space    used 3556K, capacity 3655K, committed 3712K, reserved 1048576K
}
Event: 16.253 GC heap before
{Heap before GC invocations=13 (full 3):
 PSYoungGen      total 69120K, used 47857K [0x00000000d6f80000, 0x00000000dea00000, 0x0000000100000000)
  eden space 53248K, 89% used [0x00000000d6f80000,0x00000000d9e3c418,0x00000000da380000)
  from space 15872K, 0% used [0x00000000da380000,0x00000000da380000,0x00000000db300000)
  to   space 24576K, 0% used [0x00000000dd200000,0x00000000dd200000,0x00000000dea00000)
 ParOldGen       total 135680K, used 41192K [0x0000000084e00000, 0x000000008d280000, 0x00000000d6f80000)
  object space 135680K, 30% used [0x0000000084e00000,0x000000008763a1a0,0x000000008d280000)
 Metaspace       used 30443K, capacity 30732K, committed 31104K, reserved 1077248K
  class space    used 3576K, capacity 3657K, committed 3712K, reserved 1048576K
Event: 16.256 GC heap after
Heap after GC invocations=13 (full 3):
 PSYoungGen      total 76288K, used 1600K [0x00000000d6f80000, 0x00000000dde00000, 0x0000000100000000)
  eden space 64000K, 0% used [0x00000000d6f80000,0x00000000d6f80000,0x00000000dae00000)
  from space 12288K, 13% used [0x00000000dd200000,0x00000000dd390020,0x00000000dde00000)
  to   space 24576K, 0% used [0x00000000dae00000,0x00000000dae00000,0x00000000dc600000)
 ParOldGen       total 135680K, used 41200K [0x0000000084e00000, 0x000000008d280000, 0x00000000d6f80000)
  object space 135680K, 30% used [0x0000000084e00000,0x000000008763c1a0,0x000000008d280000)
 Metaspace       used 30443K, capacity 30732K, committed 31104K, reserved 1077248K
  class space    used 3576K, capacity 3657K, committed 3712K, reserved 1048576K
}

