# JRE version: Java(TM) SE Runtime Environment (8.0_121-b13) (build 1.8.0_121-b13)
# Java VM: Java HotSpot(TM) 64-Bit Server VM (25.121-b13 mixed mode windows-amd64 compressed oops)
Heap:
 PSYoungGen      total 1092096K, used 93584K [0x000000076b100000, 0x00000007c0000000, 0x00000007c0000000)
  eden space 1050112K, 6% used [0x000000076b100000,0x000000076f3cb660,0x00000007ab280000)
  from space 41984K, 59% used [0x00000007ab280000,0x00000007acb18ca8,0x00000007adb80000)
  to   space 41472K, 0% used [0x00000007bd780000,0x00000007bd780000,0x00000007c0000000)
 ParOldGen       total 215040K, used 151659K [0x00000006c1200000, 0x00000006ce400000, 0x000000076b100000)
  object space 215040K, 70% used [0x00000006c1200000,0x00000006ca61ac08,0x00000006ce400000)
 Metaspace       used 25411K, capacity 25624K, committed 25856K, reserved 1073152K
  class space    used 2965K, capacity 3064K, committed 3072K, reserved 1048576K
GC Heap History (10 events):
Event: 16.991 GC heap before
{Heap before GC invocations=17 (full 2):
 PSYoungGen      total 578048K, used 556544K [0x000000076b100000, 0x000000078fd80000, 0x00000007c0000000)
  eden space 556544K, 100% used [0x000000076b100000,0x000000078d080000,0x000000078d080000)
  from space 21504K, 0% used [0x000000078e600000,0x000000078e600000,0x000000078fb00000)
  to   space 22016K, 0% used [0x000000078d080000,0x000000078d080000,0x000000078e600000)
 ParOldGen       total 215040K, used 68186K [0x00000006c1200000, 0x00000006ce400000, 0x000000076b100000)
  object space 215040K, 31% used [0x00000006c1200000,0x00000006c5496800,0x00000006ce400000)
 Metaspace       used 25377K, capacity 25624K, committed 25856K, reserved 1073152K
  class space    used 2965K, capacity 3064K, committed 3072K, reserved 1048576K
Event: 17.021 GC heap after
Heap after GC invocations=17 (full 2):
 PSYoungGen      total 578560K, used 21984K [0x000000076b100000, 0x00000007a0080000, 0x00000007c0000000)
  eden space 556544K, 0% used [0x000000076b100000,0x000000076b100000,0x000000078d080000)
  from space 22016K, 99% used [0x000000078d080000,0x000000078e5f83f8,0x000000078e600000)
  to   space 25088K, 0% used [0x000000079e800000,0x000000079e800000,0x00000007a0080000)
 ParOldGen       total 215040K, used 70378K [0x00000006c1200000, 0x00000006ce400000, 0x000000076b100000)
  object space 215040K, 32% used [0x00000006c1200000,0x00000006c56ba800,0x00000006ce400000)
 Metaspace       used 25377K, capacity 25624K, committed 25856K, reserved 1073152K
  class space    used 2965K, capacity 3064K, committed 3072K, reserved 1048576K
}
Event: 18.328 GC heap before
{Heap before GC invocations=18 (full 2):
 PSYoungGen      total 578560K, used 578528K [0x000000076b100000, 0x00000007a0080000, 0x00000007c0000000)
  eden space 556544K, 100% used [0x000000076b100000,0x000000078d080000,0x000000078d080000)
  from space 22016K, 99% used [0x000000078d080000,0x000000078e5f83f8,0x000000078e600000)
  to   space 25088K, 0% used [0x000000079e800000,0x000000079e800000,0x00000007a0080000)
 ParOldGen       total 215040K, used 70378K [0x00000006c1200000, 0x00000006ce400000, 0x000000076b100000)
  object space 215040K, 32% used [0x00000006c1200000,0x00000006c56ba800,0x00000006ce400000)
 Metaspace       used 25382K, capacity 25624K, committed 25856K, reserved 1073152K
  class space    used 2965K, capacity 3064K, committed 3072K, reserved 1048576K
Event: 18.358 GC heap after
Heap after GC invocations=18 (full 2):
 PSYoungGen      total 833536K, used 21184K [0x000000076b100000, 0x000000079fd80000, 0x00000007c0000000)
  eden space 811520K, 0% used [0x000000076b100000,0x000000076b100000,0x000000079c980000)
  from space 22016K, 96% used [0x000000079e800000,0x000000079fcb0000,0x000000079fd80000)
  to   space 26624K, 0% used [0x000000079c980000,0x000000079c980000,0x000000079e380000)
 ParOldGen       total 215040K, used 86010K [0x00000006c1200000, 0x00000006ce400000, 0x000000076b100000)
  object space 215040K, 39% used [0x00000006c1200000,0x00000006c65febf8,0x00000006ce400000)
 Metaspace       used 25382K, capacity 25624K, committed 25856K, reserved 1073152K
  class space    used 2965K, capacity 3064K, committed 3072K, reserved 1048576K
}
Event: 19.506 GC heap before
{Heap before GC invocations=19 (full 2):
 PSYoungGen      total 833536K, used 832704K [0x000000076b100000, 0x000000079fd80000, 0x00000007c0000000)
  eden space 811520K, 100% used [0x000000076b100000,0x000000079c980000,0x000000079c980000)
  from space 22016K, 96% used [0x000000079e800000,0x000000079fcb0000,0x000000079fd80000)
  to   space 26624K, 0% used [0x000000079c980000,0x000000079c980000,0x000000079e380000)
 ParOldGen       total 215040K, used 86010K [0x00000006c1200000, 0x00000006ce400000, 0x000000076b100000)
  object space 215040K, 39% used [0x00000006c1200000,0x00000006c65febf8,0x00000006ce400000)
 Metaspace       used 25382K, capacity 25624K, committed 25856K, reserved 1073152K
  class space    used 2965K, capacity 3064K, committed 3072K, reserved 1048576K
Event: 19.557 GC heap after
Heap after GC invocations=19 (full 2):
 PSYoungGen      total 838144K, used 24763K [0x000000076b100000, 0x00000007af800000, 0x00000007c0000000)
  eden space 811520K, 0% used [0x000000076b100000,0x000000076b100000,0x000000079c980000)
  from space 26624K, 93% used [0x000000079c980000,0x000000079e1aed00,0x000000079e380000)
  to   space 29184K, 0% used [0x00000007adb80000,0x00000007adb80000,0x00000007af800000)
 ParOldGen       total 215040K, used 103170K [0x00000006c1200000, 0x00000006ce400000, 0x000000076b100000)
  object space 215040K, 47% used [0x00000006c1200000,0x00000006c76c0bf8,0x00000006ce400000)
 Metaspace       used 25382K, capacity 25624K, committed 25856K, reserved 1073152K
  class space    used 2965K, capacity 3064K, committed 3072K, reserved 1048576K
}
Event: 22.548 GC heap before
{Heap before GC invocations=20 (full 2):
 PSYoungGen      total 838144K, used 836283K [0x000000076b100000, 0x00000007af800000, 0x00000007c0000000)
  eden space 811520K, 100% used [0x000000076b100000,0x000000079c980000,0x000000079c980000)
  from space 26624K, 93% used [0x000000079c980000,0x000000079e1aed00,0x000000079e380000)
  to   space 29184K, 0% used [0x00000007adb80000,0x00000007adb80000,0x00000007af800000)
 ParOldGen       total 215040K, used 103170K [0x00000006c1200000, 0x00000006ce400000, 0x000000076b100000)
  object space 215040K, 47% used [0x00000006c1200000,0x00000006c76c0bf8,0x00000006ce400000)
 Metaspace       used 25384K, capacity 25624K, committed 25856K, reserved 1073152K
  class space    used 2965K, capacity 3064K, committed 3072K, reserved 1048576K
Event: 22.600 GC heap after
Heap after GC invocations=20 (full 2):
 PSYoungGen      total 1079296K, used 29175K [0x000000076b100000, 0x00000007b0900000, 0x00000007c0000000)
  eden space 1050112K, 0% used [0x000000076b100000,0x000000076b100000,0x00000007ab280000)
  from space 29184K, 99% used [0x00000007adb80000,0x00000007af7fde70,0x00000007af800000)
  to   space 41984K, 0% used [0x00000007ab280000,0x00000007ab280000,0x00000007adb80000)
 ParOldGen       total 215040K, used 128786K [0x00000006c1200000, 0x00000006ce400000, 0x000000076b100000)
  object space 215040K, 59% used [0x00000006c1200000,0x00000006c8fc4bf8,0x00000006ce400000)
 Metaspace       used 25384K, capacity 25624K, committed 25856K, reserved 1073152K
  class space    used 2965K, capacity 3064K, committed 3072K, reserved 1048576K
}
Event: 25.672 GC heap before
{Heap before GC invocations=21 (full 2):
 PSYoungGen      total 1079296K, used 1079287K [0x000000076b100000, 0x00000007b0900000, 0x00000007c0000000)
  eden space 1050112K, 100% used [0x000000076b100000,0x00000007ab280000,0x00000007ab280000)
  from space 29184K, 99% used [0x00000007adb80000,0x00000007af7fde70,0x00000007af800000)
  to   space 41984K, 0% used [0x00000007ab280000,0x00000007ab280000,0x00000007adb80000)
 ParOldGen       total 215040K, used 128786K [0x00000006c1200000, 0x00000006ce400000, 0x000000076b100000)
  object space 215040K, 59% used [0x00000006c1200000,0x00000006c8fc4bf8,0x00000006ce400000)
 Metaspace       used 25409K, capacity 25624K, committed 25856K, reserved 1073152K
  class space    used 2965K, capacity 3064K, committed 3072K, reserved 1048576K
Event: 25.736 GC heap after
Heap after GC invocations=21 (full 2):
 PSYoungGen      total 1092096K, used 25187K [0x000000076b100000, 0x00000007c0000000, 0x00000007c0000000)
  eden space 1050112K, 0% used [0x000000076b100000,0x000000076b100000,0x00000007ab280000)
  from space 41984K, 59% used [0x00000007ab280000,0x00000007acb18ca8,0x00000007adb80000)
  to   space 41472K, 0% used [0x00000007bd780000,0x00000007bd780000,0x00000007c0000000)
 ParOldGen       total 215040K, used 151659K [0x00000006c1200000, 0x00000006ce400000, 0x000000076b100000)
  object space 215040K, 70% used [0x00000006c1200000,0x00000006ca61ac08,0x00000006ce400000)
 Metaspace       used 25409K, capacity 25624K, committed 25856K, reserved 1073152K
  class space    used 2965K, capacity 3064K, committed 3072K, reserved 1048576K
}

