# JRE version: Java(TM) SE Runtime Environment (8.0_161-b12) (build 1.8.0_161-b12)
# Java VM: Java HotSpot(TM) 64-Bit Server VM (25.161-b12 mixed mode windows-amd64 compressed oops)
Heap:
 PSYoungGen      total 386560K, used 168816K [0x00000000d6f80000, 0x00000000ef280000, 0x0000000100000000)
  eden space 380928K, 43% used [0x00000000d6f80000,0x00000000e10ffcc8,0x00000000ee380000)
  from space 5632K, 61% used [0x00000000ee380000,0x00000000ee6dc510,0x00000000ee900000)
  to   space 5632K, 0% used [0x00000000eed00000,0x00000000eed00000,0x00000000ef280000)
 ParOldGen       total 141312K, used 96710K [0x0000000084e00000, 0x000000008d800000, 0x00000000d6f80000)
  object space 141312K, 68% used [0x0000000084e00000,0x000000008ac718f0,0x000000008d800000)
 Metaspace       used 36371K, capacity 36806K, committed 37376K, reserved 1083392K
  class space    used 4156K, capacity 4260K, committed 4352K, reserved 1048576K
GC Heap History (10 events):
Event: 278.953 GC heap before
{Heap before GC invocations=87 (full 15):
 PSYoungGen      total 374784K, used 142818K [0x00000000d6f80000, 0x00000000ee900000, 0x0000000100000000)
  eden space 370176K, 37% used [0x00000000d6f80000,0x00000000df7194e0,0x00000000ed900000)
  from space 4608K, 86% used [0x00000000ed900000,0x00000000edcdf3d8,0x00000000edd80000)
  to   space 5120K, 0% used [0x00000000ee400000,0x00000000ee400000,0x00000000ee900000)
 ParOldGen       total 141312K, used 118793K [0x0000000084e00000, 0x000000008d800000, 0x00000000d6f80000)
  object space 141312K, 84% used [0x0000000084e00000,0x000000008c2026a0,0x000000008d800000)
 Metaspace       used 33311K, capacity 33688K, committed 34048K, reserved 1079296K
  class space    used 3761K, capacity 3831K, committed 3840K, reserved 1048576K
Event: 278.958 GC heap after
Heap after GC invocations=87 (full 15):
 PSYoungGen      total 380928K, used 4060K [0x00000000d6f80000, 0x00000000eea00000, 0x0000000100000000)
  eden space 375808K, 0% used [0x00000000d6f80000,0x00000000d6f80000,0x00000000ede80000)
  from space 5120K, 79% used [0x00000000ee400000,0x00000000ee7f73d8,0x00000000ee900000)
  to   space 5632K, 0% used [0x00000000ede80000,0x00000000ede80000,0x00000000ee400000)
 ParOldGen       total 141312K, used 118793K [0x0000000084e00000, 0x000000008d800000, 0x00000000d6f80000)
  object space 141312K, 84% used [0x0000000084e00000,0x000000008c2026a0,0x000000008d800000)
 Metaspace       used 33311K, capacity 33688K, committed 34048K, reserved 1079296K
  class space    used 3761K, capacity 3831K, committed 3840K, reserved 1048576K
}
Event: 278.958 GC heap before
{Heap before GC invocations=88 (full 16):
 PSYoungGen      total 380928K, used 4060K [0x00000000d6f80000, 0x00000000eea00000, 0x0000000100000000)
  eden space 375808K, 0% used [0x00000000d6f80000,0x00000000d6f80000,0x00000000ede80000)
  from space 5120K, 79% used [0x00000000ee400000,0x00000000ee7f73d8,0x00000000ee900000)
  to   space 5632K, 0% used [0x00000000ede80000,0x00000000ede80000,0x00000000ee400000)
 ParOldGen       total 141312K, used 118793K [0x0000000084e00000, 0x000000008d800000, 0x00000000d6f80000)
  object space 141312K, 84% used [0x0000000084e00000,0x000000008c2026a0,0x000000008d800000)
 Metaspace       used 33311K, capacity 33688K, committed 34048K, reserved 1079296K
  class space    used 3761K, capacity 3831K, committed 3840K, reserved 1048576K
Event: 279.158 GC heap after
Heap after GC invocations=88 (full 16):
 PSYoungGen      total 380928K, used 0K [0x00000000d6f80000, 0x00000000eea00000, 0x0000000100000000)
  eden space 375808K, 0% used [0x00000000d6f80000,0x00000000d6f80000,0x00000000ede80000)
  from space 5120K, 0% used [0x00000000ee400000,0x00000000ee400000,0x00000000ee900000)
  to   space 5632K, 0% used [0x00000000ede80000,0x00000000ede80000,0x00000000ee400000)
 ParOldGen       total 141312K, used 96630K [0x0000000084e00000, 0x000000008d800000, 0x00000000d6f80000)
  object space 141312K, 68% used [0x0000000084e00000,0x000000008ac5d8e0,0x000000008d800000)
 Metaspace       used 33311K, capacity 33688K, committed 34048K, reserved 1079296K
  class space    used 3761K, capacity 3831K, committed 3840K, reserved 1048576K
}
Event: 283.732 GC heap before
{Heap before GC invocations=89 (full 16):
 PSYoungGen      total 380928K, used 375808K [0x00000000d6f80000, 0x00000000eea00000, 0x0000000100000000)
  eden space 375808K, 100% used [0x00000000d6f80000,0x00000000ede80000,0x00000000ede80000)
  from space 5120K, 0% used [0x00000000ee400000,0x00000000ee400000,0x00000000ee900000)
  to   space 5632K, 0% used [0x00000000ede80000,0x00000000ede80000,0x00000000ee400000)
 ParOldGen       total 141312K, used 96630K [0x0000000084e00000, 0x000000008d800000, 0x00000000d6f80000)
  object space 141312K, 68% used [0x0000000084e00000,0x000000008ac5d8e0,0x000000008d800000)
 Metaspace       used 33312K, capacity 33688K, committed 34048K, reserved 1079296K
  class space    used 3761K, capacity 3831K, committed 3840K, reserved 1048576K
Event: 283.736 GC heap after
Heap after GC invocations=89 (full 16):
 PSYoungGen      total 381440K, used 320K [0x00000000d6f80000, 0x00000000eef00000, 0x0000000100000000)
  eden space 375808K, 0% used [0x00000000d6f80000,0x00000000d6f80000,0x00000000ede80000)
  from space 5632K, 5% used [0x00000000ede80000,0x00000000eded0000,0x00000000ee400000)
  to   space 5632K, 0% used [0x00000000ee980000,0x00000000ee980000,0x00000000eef00000)
 ParOldGen       total 141312K, used 96630K [0x0000000084e00000, 0x000000008d800000, 0x00000000d6f80000)
  object space 141312K, 68% used [0x0000000084e00000,0x000000008ac5d8e0,0x000000008d800000)
 Metaspace       used 33312K, capacity 33688K, committed 34048K, reserved 1079296K
  class space    used 3761K, capacity 3831K, committed 3840K, reserved 1048576K
}
Event: 288.562 GC heap before
{Heap before GC invocations=90 (full 16):
 PSYoungGen      total 381440K, used 376128K [0x00000000d6f80000, 0x00000000eef00000, 0x0000000100000000)
  eden space 375808K, 100% used [0x00000000d6f80000,0x00000000ede80000,0x00000000ede80000)
  from space 5632K, 5% used [0x00000000ede80000,0x00000000eded0000,0x00000000ee400000)
  to   space 5632K, 0% used [0x00000000ee980000,0x00000000ee980000,0x00000000eef00000)
 ParOldGen       total 141312K, used 96630K [0x0000000084e00000, 0x000000008d800000, 0x00000000d6f80000)
  object space 141312K, 68% used [0x0000000084e00000,0x000000008ac5d8e0,0x000000008d800000)
 Metaspace       used 33321K, capacity 33688K, committed 34048K, reserved 1079296K
  class space    used 3761K, capacity 3831K, committed 3840K, reserved 1048576K
Event: 288.566 GC heap after
Heap after GC invocations=90 (full 16):
 PSYoungGen      total 386048K, used 623K [0x00000000d6f80000, 0x00000000eee80000, 0x0000000100000000)
  eden space 380928K, 0% used [0x00000000d6f80000,0x00000000d6f80000,0x00000000ee380000)
  from space 5120K, 12% used [0x00000000ee980000,0x00000000eea1be20,0x00000000eee80000)
  to   space 5632K, 0% used [0x00000000ee380000,0x00000000ee380000,0x00000000ee900000)
 ParOldGen       total 141312K, used 96638K [0x0000000084e00000, 0x000000008d800000, 0x00000000d6f80000)
  object space 141312K, 68% used [0x0000000084e00000,0x000000008ac5f8e0,0x000000008d800000)
 Metaspace       used 33321K, capacity 33688K, committed 34048K, reserved 1079296K
  class space    used 3761K, capacity 3831K, committed 3840K, reserved 1048576K
}
Event: 312.903 GC heap before
{Heap before GC invocations=91 (full 16):
 PSYoungGen      total 386048K, used 381551K [0x00000000d6f80000, 0x00000000eee80000, 0x0000000100000000)
  eden space 380928K, 100% used [0x00000000d6f80000,0x00000000ee380000,0x00000000ee380000)
  from space 5120K, 12% used [0x00000000ee980000,0x00000000eea1be20,0x00000000eee80000)
  to   space 5632K, 0% used [0x00000000ee380000,0x00000000ee380000,0x00000000ee900000)
 ParOldGen       total 141312K, used 96638K [0x0000000084e00000, 0x000000008d800000, 0x00000000d6f80000)
  object space 141312K, 68% used [0x0000000084e00000,0x000000008ac5f8e0,0x000000008d800000)
 Metaspace       used 35921K, capacity 36292K, committed 36736K, reserved 1081344K
  class space    used 4091K, capacity 4185K, committed 4224K, reserved 1048576K
Event: 312.908 GC heap after
Heap after GC invocations=91 (full 16):
 PSYoungGen      total 386560K, used 3441K [0x00000000d6f80000, 0x00000000ef280000, 0x0000000100000000)
  eden space 380928K, 0% used [0x00000000d6f80000,0x00000000d6f80000,0x00000000ee380000)
  from space 5632K, 61% used [0x00000000ee380000,0x00000000ee6dc510,0x00000000ee900000)
  to   space 5632K, 0% used [0x00000000eed00000,0x00000000eed00000,0x00000000ef280000)
 ParOldGen       total 141312K, used 96710K [0x0000000084e00000, 0x000000008d800000, 0x00000000d6f80000)
  object space 141312K, 68% used [0x0000000084e00000,0x000000008ac718f0,0x000000008d800000)
 Metaspace       used 35921K, capacity 36292K, committed 36736K, reserved 1081344K
  class space    used 4091K, capacity 4185K, committed 4224K, reserved 1048576K
}

