# JRE version: Java(TM) SE Runtime Environment (8.0_161-b12) (build 1.8.0_161-b12)
# Java VM: Java HotSpot(TM) 64-Bit Server VM (25.161-b12 mixed mode windows-amd64 compressed oops)
Heap:
 PSYoungGen      total 107520K, used 31104K [0x00000000d6f80000, 0x00000000e0c00000, 0x0000000100000000)
  eden space 70656K, 36% used [0x00000000d6f80000,0x00000000d88f9638,0x00000000db480000)
  from space 36864K, 13% used [0x00000000db480000,0x00000000db966a30,0x00000000dd880000)
  to   space 35840K, 0% used [0x00000000de900000,0x00000000de900000,0x00000000e0c00000)
 ParOldGen       total 161280K, used 62623K [0x0000000084e00000, 0x000000008eb80000, 0x00000000d6f80000)
  object space 161280K, 38% used [0x0000000084e00000,0x0000000088b27dd8,0x000000008eb80000)
 Metaspace       used 32765K, capacity 33116K, committed 33664K, reserved 1079296K
  class space    used 3779K, capacity 3861K, committed 3968K, reserved 1048576K
GC Heap History (10 events):
Event: 5.936 GC heap before
{Heap before GC invocations=10 (full 2):
 PSYoungGen      total 49664K, used 48602K [0x00000000d6f80000, 0x00000000dbc80000, 0x0000000100000000)
  eden space 42496K, 100% used [0x00000000d6f80000,0x00000000d9900000,0x00000000d9900000)
  from space 7168K, 85% used [0x00000000d9900000,0x00000000d9ef68c0,0x00000000da000000)
  to   space 7680K, 0% used [0x00000000db500000,0x00000000db500000,0x00000000dbc80000)
 ParOldGen       total 56320K, used 11211K [0x0000000084e00000, 0x0000000088500000, 0x00000000d6f80000)
  object space 56320K, 19% used [0x0000000084e00000,0x00000000858f2e70,0x0000000088500000)
 Metaspace       used 27771K, capacity 28098K, committed 28544K, reserved 1075200K
  class space    used 3267K, capacity 3362K, committed 3456K, reserved 1048576K
Event: 5.949 GC heap after
Heap after GC invocations=10 (full 2):
 PSYoungGen      total 62464K, used 7676K [0x00000000d6f80000, 0x00000000dcc80000, 0x0000000100000000)
  eden space 54784K, 0% used [0x00000000d6f80000,0x00000000d6f80000,0x00000000da500000)
  from space 7680K, 99% used [0x00000000db500000,0x00000000dbc7f210,0x00000000dbc80000)
  to   space 16384K, 0% used [0x00000000da500000,0x00000000da500000,0x00000000db500000)
 ParOldGen       total 56320K, used 29085K [0x0000000084e00000, 0x0000000088500000, 0x00000000d6f80000)
  object space 56320K, 51% used [0x0000000084e00000,0x0000000086a67618,0x0000000088500000)
 Metaspace       used 27771K, capacity 28098K, committed 28544K, reserved 1075200K
  class space    used 3267K, capacity 3362K, committed 3456K, reserved 1048576K
}
Event: 63.910 GC heap before
{Heap before GC invocations=11 (full 2):
 PSYoungGen      total 62464K, used 62460K [0x00000000d6f80000, 0x00000000dcc80000, 0x0000000100000000)
  eden space 54784K, 100% used [0x00000000d6f80000,0x00000000da500000,0x00000000da500000)
  from space 7680K, 99% used [0x00000000db500000,0x00000000dbc7f210,0x00000000dbc80000)
  to   space 16384K, 0% used [0x00000000da500000,0x00000000da500000,0x00000000db500000)
 ParOldGen       total 56320K, used 29085K [0x0000000084e00000, 0x0000000088500000, 0x00000000d6f80000)
  object space 56320K, 51% used [0x0000000084e00000,0x0000000086a67618,0x0000000088500000)
 Metaspace       used 30837K, capacity 31160K, committed 31616K, reserved 1077248K
  class space    used 3580K, capacity 3663K, committed 3712K, reserved 1048576K
Event: 63.946 GC heap after
Heap after GC invocations=11 (full 2):
 PSYoungGen      total 71168K, used 16354K [0x00000000d6f80000, 0x00000000e0380000, 0x0000000100000000)
  eden space 54784K, 0% used [0x00000000d6f80000,0x00000000d6f80000,0x00000000da500000)
  from space 16384K, 99% used [0x00000000da500000,0x00000000db4f8bf0,0x00000000db500000)
  to   space 37376K, 0% used [0x00000000ddf00000,0x00000000ddf00000,0x00000000e0380000)
 ParOldGen       total 76288K, used 75301K [0x0000000084e00000, 0x0000000089880000, 0x00000000d6f80000)
  object space 76288K, 98% used [0x0000000084e00000,0x0000000089789588,0x0000000089880000)
 Metaspace       used 30837K, capacity 31160K, committed 31616K, reserved 1077248K
  class space    used 3580K, capacity 3663K, committed 3712K, reserved 1048576K
}
Event: 63.946 GC heap before
{Heap before GC invocations=12 (full 3):
 PSYoungGen      total 71168K, used 16354K [0x00000000d6f80000, 0x00000000e0380000, 0x0000000100000000)
  eden space 54784K, 0% used [0x00000000d6f80000,0x00000000d6f80000,0x00000000da500000)
  from space 16384K, 99% used [0x00000000da500000,0x00000000db4f8bf0,0x00000000db500000)
  to   space 37376K, 0% used [0x00000000ddf00000,0x00000000ddf00000,0x00000000e0380000)
 ParOldGen       total 76288K, used 75301K [0x0000000084e00000, 0x0000000089880000, 0x00000000d6f80000)
  object space 76288K, 98% used [0x0000000084e00000,0x0000000089789588,0x0000000089880000)
 Metaspace       used 30837K, capacity 31160K, committed 31616K, reserved 1077248K
  class space    used 3580K, capacity 3663K, committed 3712K, reserved 1048576K
Event: 64.042 GC heap after
Heap after GC invocations=12 (full 3):
 PSYoungGen      total 71168K, used 0K [0x00000000d6f80000, 0x00000000e0380000, 0x0000000100000000)
  eden space 54784K, 0% used [0x00000000d6f80000,0x00000000d6f80000,0x00000000da500000)
  from space 16384K, 0% used [0x00000000da500000,0x00000000da500000,0x00000000db500000)
  to   space 37376K, 0% used [0x00000000ddf00000,0x00000000ddf00000,0x00000000e0380000)
 ParOldGen       total 161280K, used 62607K [0x0000000084e00000, 0x000000008eb80000, 0x00000000d6f80000)
  object space 161280K, 38% used [0x0000000084e00000,0x0000000088b23dd8,0x000000008eb80000)
 Metaspace       used 30837K, capacity 31160K, committed 31616K, reserved 1077248K
  class space    used 3580K, capacity 3663K, committed 3712K, reserved 1048576K
}
Event: 84.147 GC heap before
{Heap before GC invocations=13 (full 3):
 PSYoungGen      total 71168K, used 54784K [0x00000000d6f80000, 0x00000000e0380000, 0x0000000100000000)
  eden space 54784K, 100% used [0x00000000d6f80000,0x00000000da500000,0x00000000da500000)
  from space 16384K, 0% used [0x00000000da500000,0x00000000da500000,0x00000000db500000)
  to   space 37376K, 0% used [0x00000000ddf00000,0x00000000ddf00000,0x00000000e0380000)
 ParOldGen       total 161280K, used 62607K [0x0000000084e00000, 0x000000008eb80000, 0x00000000d6f80000)
  object space 161280K, 38% used [0x0000000084e00000,0x0000000088b23dd8,0x000000008eb80000)
 Metaspace       used 32469K, capacity 32772K, committed 33152K, reserved 1079296K
  class space    used 3767K, capacity 3857K, committed 3968K, reserved 1048576K
Event: 84.150 GC heap after
Heap after GC invocations=13 (full 3):
 PSYoungGen      total 100864K, used 1952K [0x00000000d6f80000, 0x00000000dfc80000, 0x0000000100000000)
  eden space 70656K, 0% used [0x00000000d6f80000,0x00000000d6f80000,0x00000000db480000)
  from space 30208K, 6% used [0x00000000ddf00000,0x00000000de0e8050,0x00000000dfc80000)
  to   space 36864K, 0% used [0x00000000db480000,0x00000000db480000,0x00000000dd880000)
 ParOldGen       total 161280K, used 62615K [0x0000000084e00000, 0x000000008eb80000, 0x00000000d6f80000)
  object space 161280K, 38% used [0x0000000084e00000,0x0000000088b25dd8,0x000000008eb80000)
 Metaspace       used 32469K, capacity 32772K, committed 33152K, reserved 1079296K
  class space    used 3767K, capacity 3857K, committed 3968K, reserved 1048576K
}
Event: 87.801 GC heap before
{Heap before GC invocations=14 (full 3):
 PSYoungGen      total 100864K, used 72608K [0x00000000d6f80000, 0x00000000dfc80000, 0x0000000100000000)
  eden space 70656K, 100% used [0x00000000d6f80000,0x00000000db480000,0x00000000db480000)
  from space 30208K, 6% used [0x00000000ddf00000,0x00000000de0e8050,0x00000000dfc80000)
  to   space 36864K, 0% used [0x00000000db480000,0x00000000db480000,0x00000000dd880000)
 ParOldGen       total 161280K, used 62615K [0x0000000084e00000, 0x000000008eb80000, 0x00000000d6f80000)
  object space 161280K, 38% used [0x0000000084e00000,0x0000000088b25dd8,0x000000008eb80000)
 Metaspace       used 32681K, capacity 33052K, committed 33664K, reserved 1079296K
  class space    used 3778K, capacity 3861K, committed 3968K, reserved 1048576K
Event: 87.804 GC heap after
Heap after GC invocations=14 (full 3):
 PSYoungGen      total 107520K, used 5018K [0x00000000d6f80000, 0x00000000e0c00000, 0x0000000100000000)
  eden space 70656K, 0% used [0x00000000d6f80000,0x00000000d6f80000,0x00000000db480000)
  from space 36864K, 13% used [0x00000000db480000,0x00000000db966a30,0x00000000dd880000)
  to   space 35840K, 0% used [0x00000000de900000,0x00000000de900000,0x00000000e0c00000)
 ParOldGen       total 161280K, used 62623K [0x0000000084e00000, 0x000000008eb80000, 0x00000000d6f80000)
  object space 161280K, 38% used [0x0000000084e00000,0x0000000088b27dd8,0x000000008eb80000)
 Metaspace       used 32681K, capacity 33052K, committed 33664K, reserved 1079296K
  class space    used 3778K, capacity 3861K, committed 3968K, reserved 1048576K
}

