# JRE version: Java(TM) SE Runtime Environment (8.0_161-b12) (build 1.8.0_161-b12)
# Java VM: Java HotSpot(TM) 64-Bit Server VM (25.161-b12 mixed mode windows-amd64 compressed oops)
Heap:
 PSYoungGen      total 81920K, used 46219K [0x00000000d6f80000, 0x00000000ddd00000, 0x0000000100000000)
  eden space 52736K, 87% used [0x00000000d6f80000,0x00000000d9ca2f70,0x00000000da300000)
  from space 29184K, 0% used [0x00000000dc080000,0x00000000dc080000,0x00000000ddd00000)
  to   space 29696K, 0% used [0x00000000da300000,0x00000000da300000,0x00000000dc000000)
 ParOldGen       total 141312K, used 63358K [0x0000000084e00000, 0x000000008d800000, 0x00000000d6f80000)
  object space 141312K, 44% used [0x0000000084e00000,0x0000000088bdfbd0,0x000000008d800000)
 Metaspace       used 32083K, capacity 32512K, committed 32896K, reserved 1079296K
  class space    used 3787K, capacity 3895K, committed 3968K, reserved 1048576K
GC Heap History (10 events):
Event: 41.805 GC heap before
{Heap before GC invocations=13 (full 3):
 PSYoungGen      total 73216K, used 48753K [0x00000000d6f80000, 0x00000000ddc00000, 0x0000000100000000)
  eden space 46592K, 100% used [0x00000000d6f80000,0x00000000d9d00000,0x00000000d9d00000)
  from space 26624K, 8% used [0x00000000d9d00000,0x00000000d9f1c5b8,0x00000000db700000)
  to   space 26112K, 0% used [0x00000000dc280000,0x00000000dc280000,0x00000000ddc00000)
 ParOldGen       total 141312K, used 39681K [0x0000000084e00000, 0x000000008d800000, 0x00000000d6f80000)
  object space 141312K, 28% used [0x0000000084e00000,0x00000000874c06a8,0x000000008d800000)
 Metaspace       used 31490K, capacity 31778K, committed 32256K, reserved 1077248K
  class space    used 3749K, capacity 3826K, committed 3840K, reserved 1048576K
Event: 41.809 GC heap after
Heap after GC invocations=13 (full 3):
 PSYoungGen      total 71680K, used 3378K [0x00000000d6f80000, 0x00000000dd500000, 0x0000000100000000)
  eden space 52736K, 0% used [0x00000000d6f80000,0x00000000d6f80000,0x00000000da300000)
  from space 18944K, 17% used [0x00000000dc280000,0x00000000dc5ccb90,0x00000000dd500000)
  to   space 25600K, 0% used [0x00000000da300000,0x00000000da300000,0x00000000dbc00000)
 ParOldGen       total 141312K, used 39689K [0x0000000084e00000, 0x000000008d800000, 0x00000000d6f80000)
  object space 141312K, 28% used [0x0000000084e00000,0x00000000874c26a8,0x000000008d800000)
 Metaspace       used 31490K, capacity 31778K, committed 32256K, reserved 1077248K
  class space    used 3749K, capacity 3826K, committed 3840K, reserved 1048576K
}
Event: 46.096 GC heap before
{Heap before GC invocations=14 (full 3):
 PSYoungGen      total 71680K, used 39601K [0x00000000d6f80000, 0x00000000dd500000, 0x0000000100000000)
  eden space 52736K, 68% used [0x00000000d6f80000,0x00000000d92dfb20,0x00000000da300000)
  from space 18944K, 17% used [0x00000000dc280000,0x00000000dc5ccb90,0x00000000dd500000)
  to   space 25600K, 0% used [0x00000000da300000,0x00000000da300000,0x00000000dbc00000)
 ParOldGen       total 141312K, used 39689K [0x0000000084e00000, 0x000000008d800000, 0x00000000d6f80000)
  object space 141312K, 28% used [0x0000000084e00000,0x00000000874c26a8,0x000000008d800000)
 Metaspace       used 31905K, capacity 32270K, committed 32640K, reserved 1077248K
  class space    used 3771K, capacity 3860K, committed 3968K, reserved 1048576K
Event: 46.116 GC heap after
Heap after GC invocations=14 (full 3):
 PSYoungGen      total 78336K, used 25076K [0x00000000d6f80000, 0x00000000dde00000, 0x0000000100000000)
  eden space 52736K, 0% used [0x00000000d6f80000,0x00000000d6f80000,0x00000000da300000)
  from space 25600K, 97% used [0x00000000da300000,0x00000000dbb7d340,0x00000000dbc00000)
  to   space 30208K, 0% used [0x00000000dc080000,0x00000000dc080000,0x00000000dde00000)
 ParOldGen       total 141312K, used 39697K [0x0000000084e00000, 0x000000008d800000, 0x00000000d6f80000)
  object space 141312K, 28% used [0x0000000084e00000,0x00000000874c46a8,0x000000008d800000)
 Metaspace       used 31905K, capacity 32270K, committed 32640K, reserved 1077248K
  class space    used 3771K, capacity 3860K, committed 3968K, reserved 1048576K
}
Event: 46.116 GC heap before
{Heap before GC invocations=15 (full 4):
 PSYoungGen      total 78336K, used 25076K [0x00000000d6f80000, 0x00000000dde00000, 0x0000000100000000)
  eden space 52736K, 0% used [0x00000000d6f80000,0x00000000d6f80000,0x00000000da300000)
  from space 25600K, 97% used [0x00000000da300000,0x00000000dbb7d340,0x00000000dbc00000)
  to   space 30208K, 0% used [0x00000000dc080000,0x00000000dc080000,0x00000000dde00000)
 ParOldGen       total 141312K, used 39697K [0x0000000084e00000, 0x000000008d800000, 0x00000000d6f80000)
  object space 141312K, 28% used [0x0000000084e00000,0x00000000874c46a8,0x000000008d800000)
 Metaspace       used 31905K, capacity 32270K, committed 32640K, reserved 1077248K
  class space    used 3771K, capacity 3860K, committed 3968K, reserved 1048576K
Event: 46.311 GC heap after
Heap after GC invocations=15 (full 4):
 PSYoungGen      total 78336K, used 0K [0x00000000d6f80000, 0x00000000dde00000, 0x0000000100000000)
  eden space 52736K, 0% used [0x00000000d6f80000,0x00000000d6f80000,0x00000000da300000)
  from space 25600K, 0% used [0x00000000da300000,0x00000000da300000,0x00000000dbc00000)
  to   space 30208K, 0% used [0x00000000dc080000,0x00000000dc080000,0x00000000dde00000)
 ParOldGen       total 141312K, used 64058K [0x0000000084e00000, 0x000000008d800000, 0x00000000d6f80000)
  object space 141312K, 45% used [0x0000000084e00000,0x0000000088c8eba0,0x000000008d800000)
 Metaspace       used 31905K, capacity 32270K, committed 32640K, reserved 1077248K
  class space    used 3771K, capacity 3860K, committed 3968K, reserved 1048576K
}
Event: 46.323 GC heap before
{Heap before GC invocations=16 (full 4):
 PSYoungGen      total 78336K, used 1987K [0x00000000d6f80000, 0x00000000dde00000, 0x0000000100000000)
  eden space 52736K, 3% used [0x00000000d6f80000,0x00000000d7170e58,0x00000000da300000)
  from space 25600K, 0% used [0x00000000da300000,0x00000000da300000,0x00000000dbc00000)
  to   space 30208K, 0% used [0x00000000dc080000,0x00000000dc080000,0x00000000dde00000)
 ParOldGen       total 141312K, used 64058K [0x0000000084e00000, 0x000000008d800000, 0x00000000d6f80000)
  object space 141312K, 45% used [0x0000000084e00000,0x0000000088c8eba0,0x000000008d800000)
 Metaspace       used 31909K, capacity 32270K, committed 32640K, reserved 1077248K
  class space    used 3772K, capacity 3860K, committed 3968K, reserved 1048576K
Event: 46.328 GC heap after
Heap after GC invocations=16 (full 4):
 PSYoungGen      total 81920K, used 96K [0x00000000d6f80000, 0x00000000ddd00000, 0x0000000100000000)
  eden space 52736K, 0% used [0x00000000d6f80000,0x00000000d6f80000,0x00000000da300000)
  from space 29184K, 0% used [0x00000000dc080000,0x00000000dc098000,0x00000000ddd00000)
  to   space 29696K, 0% used [0x00000000da300000,0x00000000da300000,0x00000000dc000000)
 ParOldGen       total 141312K, used 64058K [0x0000000084e00000, 0x000000008d800000, 0x00000000d6f80000)
  object space 141312K, 45% used [0x0000000084e00000,0x0000000088c8eba0,0x000000008d800000)
 Metaspace       used 31909K, capacity 32270K, committed 32640K, reserved 1077248K
  class space    used 3772K, capacity 3860K, committed 3968K, reserved 1048576K
}
Event: 46.328 GC heap before
{Heap before GC invocations=17 (full 5):
 PSYoungGen      total 81920K, used 96K [0x00000000d6f80000, 0x00000000ddd00000, 0x0000000100000000)
  eden space 52736K, 0% used [0x00000000d6f80000,0x00000000d6f80000,0x00000000da300000)
  from space 29184K, 0% used [0x00000000dc080000,0x00000000dc098000,0x00000000ddd00000)
  to   space 29696K, 0% used [0x00000000da300000,0x00000000da300000,0x00000000dc000000)
 ParOldGen       total 141312K, used 64058K [0x0000000084e00000, 0x000000008d800000, 0x00000000d6f80000)
  object space 141312K, 45% used [0x0000000084e00000,0x0000000088c8eba0,0x000000008d800000)
 Metaspace       used 31909K, capacity 32270K, committed 32640K, reserved 1077248K
  class space    used 3772K, capacity 3860K, committed 3968K, reserved 1048576K
Event: 46.418 GC heap after
Heap after GC invocations=17 (full 5):
 PSYoungGen      total 81920K, used 0K [0x00000000d6f80000, 0x00000000ddd00000, 0x0000000100000000)
  eden space 52736K, 0% used [0x00000000d6f80000,0x00000000d6f80000,0x00000000da300000)
  from space 29184K, 0% used [0x00000000dc080000,0x00000000dc080000,0x00000000ddd00000)
  to   space 29696K, 0% used [0x00000000da300000,0x00000000da300000,0x00000000dc000000)
 ParOldGen       total 141312K, used 63358K [0x0000000084e00000, 0x000000008d800000, 0x00000000d6f80000)
  object space 141312K, 44% used [0x0000000084e00000,0x0000000088bdfbd0,0x000000008d800000)
 Metaspace       used 31909K, capacity 32270K, committed 32640K, reserved 1077248K
  class space    used 3772K, capacity 3860K, committed 3968K, reserved 1048576K
}

