# JRE version: Java(TM) SE Runtime Environment (8.0_161-b12) (build 1.8.0_161-b12)
# Java VM: Java HotSpot(TM) 64-Bit Server VM (25.161-b12 mixed mode windows-amd64 compressed oops)
Heap:
 PSYoungGen      total 106496K, used 70288K [0x00000000d6f80000, 0x00000000e5880000, 0x0000000100000000)
  eden space 101376K, 69% used [0x00000000d6f80000,0x00000000db4242a8,0x00000000dd280000)
  from space 5120K, 0% used [0x00000000df180000,0x00000000df180000,0x00000000df680000)
  to   space 31744K, 0% used [0x00000000dd280000,0x00000000dd280000,0x00000000df180000)
 ParOldGen       total 150016K, used 41835K [0x0000000084e00000, 0x000000008e080000, 0x00000000d6f80000)
  object space 150016K, 27% used [0x0000000084e00000,0x00000000876daec8,0x000000008e080000)
 Metaspace       used 32030K, capacity 32432K, committed 32896K, reserved 1079296K
  class space    used 3776K, capacity 3863K, committed 3968K, reserved 1048576K
GC Heap History (10 events):
Event: 4.209 GC heap before
{Heap before GC invocations=5 (full 1):
 PSYoungGen      total 68608K, used 43553K [0x00000000d6f80000, 0x00000000df580000, 0x0000000100000000)
  eden space 63488K, 68% used [0x00000000d6f80000,0x00000000d9a084b8,0x00000000dad80000)
  from space 5120K, 0% used [0x00000000dad80000,0x00000000dad80000,0x00000000db280000)
  to   space 5120K, 0% used [0x00000000df080000,0x00000000df080000,0x00000000df580000)
 ParOldGen       total 56320K, used 5660K [0x0000000084e00000, 0x0000000088500000, 0x00000000d6f80000)
  object space 56320K, 10% used [0x0000000084e00000,0x00000000853872c0,0x0000000088500000)
 Metaspace       used 24838K, capacity 25124K, committed 25600K, reserved 1071104K
  class space    used 2914K, capacity 3009K, committed 3072K, reserved 1048576K
Event: 4.215 GC heap after
Heap after GC invocations=5 (full 1):
 PSYoungGen      total 97280K, used 4663K [0x00000000d6f80000, 0x00000000df580000, 0x0000000100000000)
  eden space 92160K, 0% used [0x00000000d6f80000,0x00000000d6f80000,0x00000000dc980000)
  from space 5120K, 91% used [0x00000000df080000,0x00000000df50dde0,0x00000000df580000)
  to   space 5120K, 0% used [0x00000000deb80000,0x00000000deb80000,0x00000000df080000)
 ParOldGen       total 56320K, used 5668K [0x0000000084e00000, 0x0000000088500000, 0x00000000d6f80000)
  object space 56320K, 10% used [0x0000000084e00000,0x00000000853892c0,0x0000000088500000)
 Metaspace       used 24838K, capacity 25124K, committed 25600K, reserved 1071104K
  class space    used 2914K, capacity 3009K, committed 3072K, reserved 1048576K
}
Event: 4.216 GC heap before
{Heap before GC invocations=6 (full 2):
 PSYoungGen      total 97280K, used 4663K [0x00000000d6f80000, 0x00000000df580000, 0x0000000100000000)
  eden space 92160K, 0% used [0x00000000d6f80000,0x00000000d6f80000,0x00000000dc980000)
  from space 5120K, 91% used [0x00000000df080000,0x00000000df50dde0,0x00000000df580000)
  to   space 5120K, 0% used [0x00000000deb80000,0x00000000deb80000,0x00000000df080000)
 ParOldGen       total 56320K, used 5668K [0x0000000084e00000, 0x0000000088500000, 0x00000000d6f80000)
  object space 56320K, 10% used [0x0000000084e00000,0x00000000853892c0,0x0000000088500000)
 Metaspace       used 24838K, capacity 25124K, committed 25600K, reserved 1071104K
  class space    used 2914K, capacity 3009K, committed 3072K, reserved 1048576K
Event: 4.311 GC heap after
Heap after GC invocations=6 (full 2):
 PSYoungGen      total 97280K, used 0K [0x00000000d6f80000, 0x00000000df580000, 0x0000000100000000)
  eden space 92160K, 0% used [0x00000000d6f80000,0x00000000d6f80000,0x00000000dc980000)
  from space 5120K, 0% used [0x00000000df080000,0x00000000df080000,0x00000000df580000)
  to   space 5120K, 0% used [0x00000000deb80000,0x00000000deb80000,0x00000000df080000)
 ParOldGen       total 56320K, used 9918K [0x0000000084e00000, 0x0000000088500000, 0x00000000d6f80000)
  object space 56320K, 17% used [0x0000000084e00000,0x00000000857af8a0,0x0000000088500000)
 Metaspace       used 24838K, capacity 25124K, committed 25600K, reserved 1071104K
  class space    used 2914K, capacity 3009K, committed 3072K, reserved 1048576K
}
Event: 7.251 GC heap before
{Heap before GC invocations=7 (full 2):
 PSYoungGen      total 97280K, used 89098K [0x00000000d6f80000, 0x00000000df580000, 0x0000000100000000)
  eden space 92160K, 96% used [0x00000000d6f80000,0x00000000dc682bb8,0x00000000dc980000)
  from space 5120K, 0% used [0x00000000df080000,0x00000000df080000,0x00000000df580000)
  to   space 5120K, 0% used [0x00000000deb80000,0x00000000deb80000,0x00000000df080000)
 ParOldGen       total 56320K, used 9918K [0x0000000084e00000, 0x0000000088500000, 0x00000000d6f80000)
  object space 56320K, 17% used [0x0000000084e00000,0x00000000857af8a0,0x0000000088500000)
 Metaspace       used 27383K, capacity 27652K, committed 28160K, reserved 1075200K
  class space    used 3212K, capacity 3297K, committed 3328K, reserved 1048576K
Event: 7.255 GC heap after
Heap after GC invocations=7 (full 2):
 PSYoungGen      total 132096K, used 5102K [0x00000000d6f80000, 0x00000000df680000, 0x0000000100000000)
  eden space 126976K, 0% used [0x00000000d6f80000,0x00000000d6f80000,0x00000000deb80000)
  from space 5120K, 99% used [0x00000000deb80000,0x00000000df07bbc0,0x00000000df080000)
  to   space 5120K, 0% used [0x00000000df180000,0x00000000df180000,0x00000000df680000)
 ParOldGen       total 56320K, used 10495K [0x0000000084e00000, 0x0000000088500000, 0x00000000d6f80000)
  object space 56320K, 18% used [0x0000000084e00000,0x000000008583fe90,0x0000000088500000)
 Metaspace       used 27383K, capacity 27652K, committed 28160K, reserved 1075200K
  class space    used 3212K, capacity 3297K, committed 3328K, reserved 1048576K
}
Event: 11.365 GC heap before
{Heap before GC invocations=8 (full 2):
 PSYoungGen      total 132096K, used 132078K [0x00000000d6f80000, 0x00000000df680000, 0x0000000100000000)
  eden space 126976K, 100% used [0x00000000d6f80000,0x00000000deb80000,0x00000000deb80000)
  from space 5120K, 99% used [0x00000000deb80000,0x00000000df07bbc0,0x00000000df080000)
  to   space 5120K, 0% used [0x00000000df180000,0x00000000df180000,0x00000000df680000)
 ParOldGen       total 56320K, used 10495K [0x0000000084e00000, 0x0000000088500000, 0x00000000d6f80000)
  object space 56320K, 18% used [0x0000000084e00000,0x000000008583fe90,0x0000000088500000)
 Metaspace       used 30152K, capacity 30486K, committed 31104K, reserved 1077248K
  class space    used 3556K, capacity 3656K, committed 3712K, reserved 1048576K
Event: 11.400 GC heap after
Heap after GC invocations=8 (full 2):
 PSYoungGen      total 106496K, used 5088K [0x00000000d6f80000, 0x00000000e5880000, 0x0000000100000000)
  eden space 101376K, 0% used [0x00000000d6f80000,0x00000000d6f80000,0x00000000dd280000)
  from space 5120K, 99% used [0x00000000df180000,0x00000000df678020,0x00000000df680000)
  to   space 31744K, 0% used [0x00000000dd280000,0x00000000dd280000,0x00000000df180000)
 ParOldGen       total 56320K, used 56163K [0x0000000084e00000, 0x0000000088500000, 0x00000000d6f80000)
  object space 56320K, 99% used [0x0000000084e00000,0x00000000884d8eb0,0x0000000088500000)
 Metaspace       used 30152K, capacity 30486K, committed 31104K, reserved 1077248K
  class space    used 3556K, capacity 3656K, committed 3712K, reserved 1048576K
}
Event: 11.400 GC heap before
{Heap before GC invocations=9 (full 3):
 PSYoungGen      total 106496K, used 5088K [0x00000000d6f80000, 0x00000000e5880000, 0x0000000100000000)
  eden space 101376K, 0% used [0x00000000d6f80000,0x00000000d6f80000,0x00000000dd280000)
  from space 5120K, 99% used [0x00000000df180000,0x00000000df678020,0x00000000df680000)
  to   space 31744K, 0% used [0x00000000dd280000,0x00000000dd280000,0x00000000df180000)
 ParOldGen       total 56320K, used 56163K [0x0000000084e00000, 0x0000000088500000, 0x00000000d6f80000)
  object space 56320K, 99% used [0x0000000084e00000,0x00000000884d8eb0,0x0000000088500000)
 Metaspace       used 30152K, capacity 30486K, committed 31104K, reserved 1077248K
  class space    used 3556K, capacity 3656K, committed 3712K, reserved 1048576K
Event: 11.512 GC heap after
Heap after GC invocations=9 (full 3):
 PSYoungGen      total 106496K, used 0K [0x00000000d6f80000, 0x00000000e5880000, 0x0000000100000000)
  eden space 101376K, 0% used [0x00000000d6f80000,0x00000000d6f80000,0x00000000dd280000)
  from space 5120K, 0% used [0x00000000df180000,0x00000000df180000,0x00000000df680000)
  to   space 31744K, 0% used [0x00000000dd280000,0x00000000dd280000,0x00000000df180000)
 ParOldGen       total 150016K, used 41835K [0x0000000084e00000, 0x000000008e080000, 0x00000000d6f80000)
  object space 150016K, 27% used [0x0000000084e00000,0x00000000876daec8,0x000000008e080000)
 Metaspace       used 30152K, capacity 30486K, committed 31104K, reserved 1077248K
  class space    used 3556K, capacity 3656K, committed 3712K, reserved 1048576K
}

