# JRE version: Java(TM) SE Runtime Environment (8.0_161-b12) (build 1.8.0_161-b12)
# Java VM: Java HotSpot(TM) 64-Bit Server VM (25.161-b12 mixed mode windows-amd64 compressed oops)
Heap:
 PSYoungGen      total 91648K, used 6533K [0x00000000d6f80000, 0x00000000df580000, 0x0000000100000000)
  eden space 69120K, 5% used [0x00000000d6f80000,0x00000000d7327218,0x00000000db300000)
  from space 22528K, 12% used [0x00000000db300000,0x00000000db5ba380,0x00000000dc900000)
  to   space 22528K, 0% used [0x00000000ddf80000,0x00000000ddf80000,0x00000000df580000)
 ParOldGen       total 138240K, used 40961K [0x0000000084e00000, 0x000000008d500000, 0x00000000d6f80000)
  object space 138240K, 29% used [0x0000000084e00000,0x0000000087600490,0x000000008d500000)
 Metaspace       used 31788K, capacity 32114K, committed 32512K, reserved 1077248K
  class space    used 3745K, capacity 3826K, committed 3840K, reserved 1048576K
GC Heap History (10 events):
Event: 6.217 GC heap before
{Heap before GC invocations=8 (full 2):
 PSYoungGen      total 50176K, used 46080K [0x00000000d6f80000, 0x00000000db300000, 0x0000000100000000)
  eden space 46080K, 100% used [0x00000000d6f80000,0x00000000d9c80000,0x00000000d9c80000)
  from space 4096K, 0% used [0x00000000dad00000,0x00000000dad00000,0x00000000db100000)
  to   space 2048K, 0% used [0x00000000db100000,0x00000000db100000,0x00000000db300000)
 ParOldGen       total 54784K, used 9219K [0x0000000084e00000, 0x0000000088380000, 0x00000000d6f80000)
  object space 54784K, 16% used [0x0000000084e00000,0x0000000085700c60,0x0000000088380000)
 Metaspace       used 27090K, capacity 27364K, committed 27904K, reserved 1073152K
  class space    used 3188K, capacity 3265K, committed 3328K, reserved 1048576K
Event: 6.222 GC heap after
Heap after GC invocations=8 (full 2):
 PSYoungGen      total 62464K, used 2045K [0x00000000d6f80000, 0x00000000dbd80000, 0x0000000100000000)
  eden space 60416K, 0% used [0x00000000d6f80000,0x00000000d6f80000,0x00000000daa80000)
  from space 2048K, 99% used [0x00000000db100000,0x00000000db2ff6c0,0x00000000db300000)
  to   space 6656K, 0% used [0x00000000daa80000,0x00000000daa80000,0x00000000db100000)
 ParOldGen       total 54784K, used 13367K [0x0000000084e00000, 0x0000000088380000, 0x00000000d6f80000)
  object space 54784K, 24% used [0x0000000084e00000,0x0000000085b0dfd8,0x0000000088380000)
 Metaspace       used 27090K, capacity 27364K, committed 27904K, reserved 1073152K
  class space    used 3188K, capacity 3265K, committed 3328K, reserved 1048576K
}
Event: 9.051 GC heap before
{Heap before GC invocations=9 (full 2):
 PSYoungGen      total 62464K, used 59215K [0x00000000d6f80000, 0x00000000dbd80000, 0x0000000100000000)
  eden space 60416K, 94% used [0x00000000d6f80000,0x00000000da754550,0x00000000daa80000)
  from space 2048K, 99% used [0x00000000db100000,0x00000000db2ff6c0,0x00000000db300000)
  to   space 6656K, 0% used [0x00000000daa80000,0x00000000daa80000,0x00000000db100000)
 ParOldGen       total 54784K, used 13367K [0x0000000084e00000, 0x0000000088380000, 0x00000000d6f80000)
  object space 54784K, 24% used [0x0000000084e00000,0x0000000085b0dfd8,0x0000000088380000)
 Metaspace       used 27391K, capacity 27652K, committed 28160K, reserved 1075200K
  class space    used 3212K, capacity 3297K, committed 3328K, reserved 1048576K
Event: 9.060 GC heap after
Heap after GC invocations=9 (full 2):
 PSYoungGen      total 67072K, used 6173K [0x00000000d6f80000, 0x00000000dd000000, 0x0000000100000000)
  eden space 60416K, 0% used [0x00000000d6f80000,0x00000000d6f80000,0x00000000daa80000)
  from space 6656K, 92% used [0x00000000daa80000,0x00000000db0876b0,0x00000000db100000)
  to   space 7168K, 0% used [0x00000000dc900000,0x00000000dc900000,0x00000000dd000000)
 ParOldGen       total 54784K, used 21567K [0x0000000084e00000, 0x0000000088380000, 0x00000000d6f80000)
  object space 54784K, 39% used [0x0000000084e00000,0x000000008630fff8,0x0000000088380000)
 Metaspace       used 27391K, capacity 27652K, committed 28160K, reserved 1075200K
  class space    used 3212K, capacity 3297K, committed 3328K, reserved 1048576K
}
Event: 21.868 GC heap before
{Heap before GC invocations=10 (full 2):
 PSYoungGen      total 67072K, used 66589K [0x00000000d6f80000, 0x00000000dd000000, 0x0000000100000000)
  eden space 60416K, 100% used [0x00000000d6f80000,0x00000000daa80000,0x00000000daa80000)
  from space 6656K, 92% used [0x00000000daa80000,0x00000000db0876b0,0x00000000db100000)
  to   space 7168K, 0% used [0x00000000dc900000,0x00000000dc900000,0x00000000dd000000)
 ParOldGen       total 54784K, used 21567K [0x0000000084e00000, 0x0000000088380000, 0x00000000d6f80000)
  object space 54784K, 39% used [0x0000000084e00000,0x000000008630fff8,0x0000000088380000)
 Metaspace       used 30109K, capacity 30516K, committed 30848K, reserved 1077248K
  class space    used 3557K, capacity 3661K, committed 3712K, reserved 1048576K
Event: 21.895 GC heap after
Heap after GC invocations=10 (full 2):
 PSYoungGen      total 76288K, used 7153K [0x00000000d6f80000, 0x00000000deb00000, 0x0000000100000000)
  eden space 69120K, 0% used [0x00000000d6f80000,0x00000000d6f80000,0x00000000db300000)
  from space 7168K, 99% used [0x00000000dc900000,0x00000000dcffc6d0,0x00000000dd000000)
  to   space 22528K, 0% used [0x00000000db300000,0x00000000db300000,0x00000000dc900000)
 ParOldGen       total 59392K, used 55307K [0x0000000084e00000, 0x0000000088800000, 0x00000000d6f80000)
  object space 59392K, 93% used [0x0000000084e00000,0x0000000088402ce0,0x0000000088800000)
 Metaspace       used 30109K, capacity 30516K, committed 30848K, reserved 1077248K
  class space    used 3557K, capacity 3661K, committed 3712K, reserved 1048576K
}
Event: 21.895 GC heap before
{Heap before GC invocations=11 (full 3):
 PSYoungGen      total 76288K, used 7153K [0x00000000d6f80000, 0x00000000deb00000, 0x0000000100000000)
  eden space 69120K, 0% used [0x00000000d6f80000,0x00000000d6f80000,0x00000000db300000)
  from space 7168K, 99% used [0x00000000dc900000,0x00000000dcffc6d0,0x00000000dd000000)
  to   space 22528K, 0% used [0x00000000db300000,0x00000000db300000,0x00000000dc900000)
 ParOldGen       total 59392K, used 55307K [0x0000000084e00000, 0x0000000088800000, 0x00000000d6f80000)
  object space 59392K, 93% used [0x0000000084e00000,0x0000000088402ce0,0x0000000088800000)
 Metaspace       used 30109K, capacity 30516K, committed 30848K, reserved 1077248K
  class space    used 3557K, capacity 3661K, committed 3712K, reserved 1048576K
Event: 22.018 GC heap after
Heap after GC invocations=11 (full 3):
 PSYoungGen      total 76288K, used 0K [0x00000000d6f80000, 0x00000000deb00000, 0x0000000100000000)
  eden space 69120K, 0% used [0x00000000d6f80000,0x00000000d6f80000,0x00000000db300000)
  from space 7168K, 0% used [0x00000000dc900000,0x00000000dc900000,0x00000000dd000000)
  to   space 22528K, 0% used [0x00000000db300000,0x00000000db300000,0x00000000dc900000)
 ParOldGen       total 138240K, used 40953K [0x0000000084e00000, 0x000000008d500000, 0x00000000d6f80000)
  object space 138240K, 29% used [0x0000000084e00000,0x00000000875fe490,0x000000008d500000)
 Metaspace       used 30109K, capacity 30516K, committed 30848K, reserved 1077248K
  class space    used 3557K, capacity 3661K, committed 3712K, reserved 1048576K
}
Event: 61.079 GC heap before
{Heap before GC invocations=12 (full 3):
 PSYoungGen      total 76288K, used 69050K [0x00000000d6f80000, 0x00000000deb00000, 0x0000000100000000)
  eden space 69120K, 99% used [0x00000000d6f80000,0x00000000db2ee8d8,0x00000000db300000)
  from space 7168K, 0% used [0x00000000dc900000,0x00000000dc900000,0x00000000dd000000)
  to   space 22528K, 0% used [0x00000000db300000,0x00000000db300000,0x00000000dc900000)
 ParOldGen       total 138240K, used 40953K [0x0000000084e00000, 0x000000008d500000, 0x00000000d6f80000)
  object space 138240K, 29% used [0x0000000084e00000,0x00000000875fe490,0x000000008d500000)
 Metaspace       used 31730K, capacity 32114K, committed 32512K, reserved 1077248K
  class space    used 3744K, capacity 3826K, committed 3840K, reserved 1048576K
Event: 61.091 GC heap after
Heap after GC invocations=12 (full 3):
 PSYoungGen      total 91648K, used 2792K [0x00000000d6f80000, 0x00000000df580000, 0x0000000100000000)
  eden space 69120K, 0% used [0x00000000d6f80000,0x00000000d6f80000,0x00000000db300000)
  from space 22528K, 12% used [0x00000000db300000,0x00000000db5ba380,0x00000000dc900000)
  to   space 22528K, 0% used [0x00000000ddf80000,0x00000000ddf80000,0x00000000df580000)
 ParOldGen       total 138240K, used 40961K [0x0000000084e00000, 0x000000008d500000, 0x00000000d6f80000)
  object space 138240K, 29% used [0x0000000084e00000,0x0000000087600490,0x000000008d500000)
 Metaspace       used 31730K, capacity 32114K, committed 32512K, reserved 1077248K
  class space    used 3744K, capacity 3826K, committed 3840K, reserved 1048576K
}

