# JRE version: Java(TM) SE Runtime Environment (8.0_161-b12) (build 1.8.0_161-b12)
# Java VM: Java HotSpot(TM) 64-Bit Server VM (25.161-b12 mixed mode windows-amd64 compressed oops)
Heap:
 PSYoungGen      total 129024K, used 46650K [0x00000000d6f80000, 0x00000000e0880000, 0x0000000100000000)
  eden space 104960K, 44% used [0x00000000d6f80000,0x00000000d9d0e830,0x00000000dd600000)
  from space 24064K, 0% used [0x00000000dd600000,0x00000000dd600000,0x00000000ded80000)
  to   space 24576K, 0% used [0x00000000df080000,0x00000000df080000,0x00000000e0880000)
 ParOldGen       total 132096K, used 63121K [0x0000000084e00000, 0x000000008cf00000, 0x00000000d6f80000)
  object space 132096K, 47% used [0x0000000084e00000,0x0000000088ba4520,0x000000008cf00000)
 Metaspace       used 32032K, capacity 32416K, committed 32896K, reserved 1079296K
  class space    used 3777K, capacity 3863K, committed 3968K, reserved 1048576K
GC Heap History (10 events):
Event: 72.142 GC heap before
{Heap before GC invocations=12 (full 3):
 PSYoungGen      total 80896K, used 71279K [0x00000000d6f80000, 0x00000000dee80000, 0x0000000100000000)
  eden space 73728K, 96% used [0x00000000d6f80000,0x00000000db51bd88,0x00000000db780000)
  from space 7168K, 0% used [0x00000000dcd80000,0x00000000dcd80000,0x00000000dd480000)
  to   space 22528K, 0% used [0x00000000db780000,0x00000000db780000,0x00000000dcd80000)
 ParOldGen       total 132096K, used 40985K [0x0000000084e00000, 0x000000008cf00000, 0x00000000d6f80000)
  object space 132096K, 31% used [0x0000000084e00000,0x0000000087606710,0x000000008cf00000)
 Metaspace       used 31626K, capacity 31970K, committed 32256K, reserved 1077248K
  class space    used 3743K, capacity 3826K, committed 3840K, reserved 1048576K
Event: 72.150 GC heap after
Heap after GC invocations=12 (full 3):
 PSYoungGen      total 96256K, used 10209K [0x00000000d6f80000, 0x00000000e0280000, 0x0000000100000000)
  eden space 73728K, 0% used [0x00000000d6f80000,0x00000000d6f80000,0x00000000db780000)
  from space 22528K, 45% used [0x00000000db780000,0x00000000dc178618,0x00000000dcd80000)
  to   space 21504K, 0% used [0x00000000ded80000,0x00000000ded80000,0x00000000e0280000)
 ParOldGen       total 132096K, used 40993K [0x0000000084e00000, 0x000000008cf00000, 0x00000000d6f80000)
  object space 132096K, 31% used [0x0000000084e00000,0x0000000087608710,0x000000008cf00000)
 Metaspace       used 31626K, capacity 31970K, committed 32256K, reserved 1077248K
  class space    used 3743K, capacity 3826K, committed 3840K, reserved 1048576K
}
Event: 73.155 GC heap before
{Heap before GC invocations=13 (full 3):
 PSYoungGen      total 96256K, used 32962K [0x00000000d6f80000, 0x00000000e0280000, 0x0000000100000000)
  eden space 73728K, 30% used [0x00000000d6f80000,0x00000000d85b83c8,0x00000000db780000)
  from space 22528K, 45% used [0x00000000db780000,0x00000000dc178618,0x00000000dcd80000)
  to   space 21504K, 0% used [0x00000000ded80000,0x00000000ded80000,0x00000000e0280000)
 ParOldGen       total 132096K, used 40993K [0x0000000084e00000, 0x000000008cf00000, 0x00000000d6f80000)
  object space 132096K, 31% used [0x0000000084e00000,0x0000000087608710,0x000000008cf00000)
 Metaspace       used 31835K, capacity 32174K, committed 32512K, reserved 1077248K
  class space    used 3760K, capacity 3828K, committed 3840K, reserved 1048576K
Event: 73.169 GC heap after
Heap after GC invocations=13 (full 3):
 PSYoungGen      total 126464K, used 19716K [0x00000000d6f80000, 0x00000000e0780000, 0x0000000100000000)
  eden space 104960K, 0% used [0x00000000d6f80000,0x00000000d6f80000,0x00000000dd600000)
  from space 21504K, 91% used [0x00000000ded80000,0x00000000e00c1300,0x00000000e0280000)
  to   space 24064K, 0% used [0x00000000dd600000,0x00000000dd600000,0x00000000ded80000)
 ParOldGen       total 132096K, used 45097K [0x0000000084e00000, 0x000000008cf00000, 0x00000000d6f80000)
  object space 132096K, 34% used [0x0000000084e00000,0x0000000087a0a720,0x000000008cf00000)
 Metaspace       used 31835K, capacity 32174K, committed 32512K, reserved 1077248K
  class space    used 3760K, capacity 3828K, committed 3840K, reserved 1048576K
}
Event: 73.169 GC heap before
{Heap before GC invocations=14 (full 4):
 PSYoungGen      total 126464K, used 19716K [0x00000000d6f80000, 0x00000000e0780000, 0x0000000100000000)
  eden space 104960K, 0% used [0x00000000d6f80000,0x00000000d6f80000,0x00000000dd600000)
  from space 21504K, 91% used [0x00000000ded80000,0x00000000e00c1300,0x00000000e0280000)
  to   space 24064K, 0% used [0x00000000dd600000,0x00000000dd600000,0x00000000ded80000)
 ParOldGen       total 132096K, used 45097K [0x0000000084e00000, 0x000000008cf00000, 0x00000000d6f80000)
  object space 132096K, 34% used [0x0000000084e00000,0x0000000087a0a720,0x000000008cf00000)
 Metaspace       used 31835K, capacity 32174K, committed 32512K, reserved 1077248K
  class space    used 3760K, capacity 3828K, committed 3840K, reserved 1048576K
Event: 73.296 GC heap after
Heap after GC invocations=14 (full 4):
 PSYoungGen      total 126464K, used 0K [0x00000000d6f80000, 0x00000000e0780000, 0x0000000100000000)
  eden space 104960K, 0% used [0x00000000d6f80000,0x00000000d6f80000,0x00000000dd600000)
  from space 21504K, 0% used [0x00000000ded80000,0x00000000ded80000,0x00000000e0280000)
  to   space 24064K, 0% used [0x00000000dd600000,0x00000000dd600000,0x00000000ded80000)
 ParOldGen       total 132096K, used 63818K [0x0000000084e00000, 0x000000008cf00000, 0x00000000d6f80000)
  object space 132096K, 48% used [0x0000000084e00000,0x0000000088c52a60,0x000000008cf00000)
 Metaspace       used 31835K, capacity 32174K, committed 32512K, reserved 1077248K
  class space    used 3760K, capacity 3828K, committed 3840K, reserved 1048576K
}
Event: 73.297 GC heap before
{Heap before GC invocations=15 (full 4):
 PSYoungGen      total 126464K, used 3822K [0x00000000d6f80000, 0x00000000e0780000, 0x0000000100000000)
  eden space 104960K, 3% used [0x00000000d6f80000,0x00000000d733ba28,0x00000000dd600000)
  from space 21504K, 0% used [0x00000000ded80000,0x00000000ded80000,0x00000000e0280000)
  to   space 24064K, 0% used [0x00000000dd600000,0x00000000dd600000,0x00000000ded80000)
 ParOldGen       total 132096K, used 63818K [0x0000000084e00000, 0x000000008cf00000, 0x00000000d6f80000)
  object space 132096K, 48% used [0x0000000084e00000,0x0000000088c52a60,0x000000008cf00000)
 Metaspace       used 31839K, capacity 32174K, committed 32512K, reserved 1077248K
  class space    used 3761K, capacity 3828K, committed 3840K, reserved 1048576K
Event: 73.299 GC heap after
Heap after GC invocations=15 (full 4):
 PSYoungGen      total 129024K, used 160K [0x00000000d6f80000, 0x00000000e0880000, 0x0000000100000000)
  eden space 104960K, 0% used [0x00000000d6f80000,0x00000000d6f80000,0x00000000dd600000)
  from space 24064K, 0% used [0x00000000dd600000,0x00000000dd628000,0x00000000ded80000)
  to   space 24576K, 0% used [0x00000000df080000,0x00000000df080000,0x00000000e0880000)
 ParOldGen       total 132096K, used 63818K [0x0000000084e00000, 0x000000008cf00000, 0x00000000d6f80000)
  object space 132096K, 48% used [0x0000000084e00000,0x0000000088c52a60,0x000000008cf00000)
 Metaspace       used 31839K, capacity 32174K, committed 32512K, reserved 1077248K
  class space    used 3761K, capacity 3828K, committed 3840K, reserved 1048576K
}
Event: 73.299 GC heap before
{Heap before GC invocations=16 (full 5):
 PSYoungGen      total 129024K, used 160K [0x00000000d6f80000, 0x00000000e0880000, 0x0000000100000000)
  eden space 104960K, 0% used [0x00000000d6f80000,0x00000000d6f80000,0x00000000dd600000)
  from space 24064K, 0% used [0x00000000dd600000,0x00000000dd628000,0x00000000ded80000)
  to   space 24576K, 0% used [0x00000000df080000,0x00000000df080000,0x00000000e0880000)
 ParOldGen       total 132096K, used 63818K [0x0000000084e00000, 0x000000008cf00000, 0x00000000d6f80000)
  object space 132096K, 48% used [0x0000000084e00000,0x0000000088c52a60,0x000000008cf00000)
 Metaspace       used 31839K, capacity 32174K, committed 32512K, reserved 1077248K
  class space    used 3761K, capacity 3828K, committed 3840K, reserved 1048576K
Event: 73.353 GC heap after
Heap after GC invocations=16 (full 5):
 PSYoungGen      total 129024K, used 0K [0x00000000d6f80000, 0x00000000e0880000, 0x0000000100000000)
  eden space 104960K, 0% used [0x00000000d6f80000,0x00000000d6f80000,0x00000000dd600000)
  from space 24064K, 0% used [0x00000000dd600000,0x00000000dd600000,0x00000000ded80000)
  to   space 24576K, 0% used [0x00000000df080000,0x00000000df080000,0x00000000e0880000)
 ParOldGen       total 132096K, used 63121K [0x0000000084e00000, 0x000000008cf00000, 0x00000000d6f80000)
  object space 132096K, 47% used [0x0000000084e00000,0x0000000088ba4520,0x000000008cf00000)
 Metaspace       used 31839K, capacity 32174K, committed 32512K, reserved 1077248K
  class space    used 3761K, capacity 3828K, committed 3840K, reserved 1048576K
}

