# JRE version: Java(TM) SE Runtime Environment (8.0_161-b12) (build 1.8.0_161-b12)
# Java VM: Java HotSpot(TM) 64-Bit Server VM (25.161-b12 mixed mode windows-amd64 compressed oops)
Heap:
 PSYoungGen      total 171520K, used 92574K [0x00000000d6f80000, 0x00000000e4100000, 0x0000000100000000)
  eden space 130560K, 63% used [0x00000000d6f80000,0x00000000dc0778b0,0x00000000def00000)
  from space 40960K, 23% used [0x00000000e1900000,0x00000000e22702b0,0x00000000e4100000)
  to   space 41984K, 0% used [0x00000000def00000,0x00000000def00000,0x00000000e1800000)
 ParOldGen       total 119808K, used 92244K [0x0000000084e00000, 0x000000008c300000, 0x00000000d6f80000)
  object space 119808K, 76% used [0x0000000084e00000,0x000000008a8150f8,0x000000008c300000)
 Metaspace       used 31058K, capacity 31468K, committed 32000K, reserved 1077248K
  class space    used 3637K, capacity 3737K, committed 3840K, reserved 1048576K
GC Heap History (10 events):
Event: 89.972 GC heap before
{Heap before GC invocations=15 (full 3):
 PSYoungGen      total 68608K, used 51405K [0x00000000d6f80000, 0x00000000dd880000, 0x0000000100000000)
  eden space 47616K, 100% used [0x00000000d6f80000,0x00000000d9e00000,0x00000000d9e00000)
  from space 20992K, 18% used [0x00000000d9e00000,0x00000000da1b3690,0x00000000db280000)
  to   space 20480K, 0% used [0x00000000dc480000,0x00000000dc480000,0x00000000dd880000)
 ParOldGen       total 119808K, used 41379K [0x0000000084e00000, 0x000000008c300000, 0x00000000d6f80000)
  object space 119808K, 34% used [0x0000000084e00000,0x0000000087668f10,0x000000008c300000)
 Metaspace       used 30812K, capacity 31156K, committed 31616K, reserved 1077248K
  class space    used 3621K, capacity 3701K, committed 3712K, reserved 1048576K
Event: 89.988 GC heap after
Heap after GC invocations=15 (full 3):
 PSYoungGen      total 78848K, used 20449K [0x00000000d6f80000, 0x00000000de700000, 0x0000000100000000)
  eden space 58368K, 0% used [0x00000000d6f80000,0x00000000d6f80000,0x00000000da880000)
  from space 20480K, 99% used [0x00000000dc480000,0x00000000dd878450,0x00000000dd880000)
  to   space 28672K, 0% used [0x00000000da880000,0x00000000da880000,0x00000000dc480000)
 ParOldGen       total 119808K, used 54805K [0x0000000084e00000, 0x000000008c300000, 0x00000000d6f80000)
  object space 119808K, 45% used [0x0000000084e00000,0x00000000883855d0,0x000000008c300000)
 Metaspace       used 30812K, capacity 31156K, committed 31616K, reserved 1077248K
  class space    used 3621K, capacity 3701K, committed 3712K, reserved 1048576K
}
Event: 90.220 GC heap before
{Heap before GC invocations=16 (full 3):
 PSYoungGen      total 78848K, used 78817K [0x00000000d6f80000, 0x00000000de700000, 0x0000000100000000)
  eden space 58368K, 100% used [0x00000000d6f80000,0x00000000da880000,0x00000000da880000)
  from space 20480K, 99% used [0x00000000dc480000,0x00000000dd878450,0x00000000dd880000)
  to   space 28672K, 0% used [0x00000000da880000,0x00000000da880000,0x00000000dc480000)
 ParOldGen       total 119808K, used 54805K [0x0000000084e00000, 0x000000008c300000, 0x00000000d6f80000)
  object space 119808K, 45% used [0x0000000084e00000,0x00000000883855d0,0x000000008c300000)
 Metaspace       used 30850K, capacity 31220K, committed 31616K, reserved 1077248K
  class space    used 3622K, capacity 3701K, committed 3712K, reserved 1048576K
Event: 90.249 GC heap after
Heap after GC invocations=16 (full 3):
 PSYoungGen      total 87040K, used 28641K [0x00000000d6f80000, 0x00000000e1680000, 0x0000000100000000)
  eden space 58368K, 0% used [0x00000000d6f80000,0x00000000d6f80000,0x00000000da880000)
  from space 28672K, 99% used [0x00000000da880000,0x00000000dc4785c0,0x00000000dc480000)
  to   space 41472K, 0% used [0x00000000dee00000,0x00000000dee00000,0x00000000e1680000)
 ParOldGen       total 119808K, used 75605K [0x0000000084e00000, 0x000000008c300000, 0x00000000d6f80000)
  object space 119808K, 63% used [0x0000000084e00000,0x00000000897d55d0,0x000000008c300000)
 Metaspace       used 30850K, capacity 31220K, committed 31616K, reserved 1077248K
  class space    used 3622K, capacity 3701K, committed 3712K, reserved 1048576K
}
Event: 90.502 GC heap before
{Heap before GC invocations=17 (full 3):
 PSYoungGen      total 87040K, used 87009K [0x00000000d6f80000, 0x00000000e1680000, 0x0000000100000000)
  eden space 58368K, 100% used [0x00000000d6f80000,0x00000000da880000,0x00000000da880000)
  from space 28672K, 99% used [0x00000000da880000,0x00000000dc4785c0,0x00000000dc480000)
  to   space 41472K, 0% used [0x00000000dee00000,0x00000000dee00000,0x00000000e1680000)
 ParOldGen       total 119808K, used 75605K [0x0000000084e00000, 0x000000008c300000, 0x00000000d6f80000)
  object space 119808K, 63% used [0x0000000084e00000,0x00000000897d55d0,0x000000008c300000)
 Metaspace       used 30875K, capacity 31226K, committed 31616K, reserved 1077248K
  class space    used 3622K, capacity 3702K, committed 3712K, reserved 1048576K
Event: 90.523 GC heap after
Heap after GC invocations=17 (full 3):
 PSYoungGen      total 126976K, used 28817K [0x00000000d6f80000, 0x00000000e1c80000, 0x0000000100000000)
  eden space 85504K, 0% used [0x00000000d6f80000,0x00000000d6f80000,0x00000000dc300000)
  from space 41472K, 69% used [0x00000000dee00000,0x00000000e0a246e0,0x00000000e1680000)
  to   space 44032K, 0% used [0x00000000dc300000,0x00000000dc300000,0x00000000dee00000)
 ParOldGen       total 119808K, used 75605K [0x0000000084e00000, 0x000000008c300000, 0x00000000d6f80000)
  object space 119808K, 63% used [0x0000000084e00000,0x00000000897d55d0,0x000000008c300000)
 Metaspace       used 30875K, capacity 31226K, committed 31616K, reserved 1077248K
  class space    used 3622K, capacity 3702K, committed 3712K, reserved 1048576K
}
Event: 90.908 GC heap before
{Heap before GC invocations=18 (full 3):
 PSYoungGen      total 126976K, used 114321K [0x00000000d6f80000, 0x00000000e1c80000, 0x0000000100000000)
  eden space 85504K, 100% used [0x00000000d6f80000,0x00000000dc300000,0x00000000dc300000)
  from space 41472K, 69% used [0x00000000dee00000,0x00000000e0a246e0,0x00000000e1680000)
  to   space 44032K, 0% used [0x00000000dc300000,0x00000000dc300000,0x00000000dee00000)
 ParOldGen       total 119808K, used 75605K [0x0000000084e00000, 0x000000008c300000, 0x00000000d6f80000)
  object space 119808K, 63% used [0x0000000084e00000,0x00000000897d55d0,0x000000008c300000)
 Metaspace       used 30886K, capacity 31226K, committed 31616K, reserved 1077248K
  class space    used 3622K, capacity 3702K, committed 3712K, reserved 1048576K
Event: 90.923 GC heap after
Heap after GC invocations=18 (full 3):
 PSYoungGen      total 129536K, used 22060K [0x00000000d6f80000, 0x00000000e4380000, 0x0000000100000000)
  eden space 85504K, 0% used [0x00000000d6f80000,0x00000000d6f80000,0x00000000dc300000)
  from space 44032K, 50% used [0x00000000dc300000,0x00000000dd88b2d0,0x00000000dee00000)
  to   space 43520K, 0% used [0x00000000e1900000,0x00000000e1900000,0x00000000e4380000)
 ParOldGen       total 119808K, used 75613K [0x0000000084e00000, 0x000000008c300000, 0x00000000d6f80000)
  object space 119808K, 63% used [0x0000000084e00000,0x00000000897d75d0,0x000000008c300000)
 Metaspace       used 30886K, capacity 31226K, committed 31616K, reserved 1077248K
  class space    used 3622K, capacity 3702K, committed 3712K, reserved 1048576K
}
Event: 91.330 GC heap before
{Heap before GC invocations=19 (full 3):
 PSYoungGen      total 129536K, used 107564K [0x00000000d6f80000, 0x00000000e4380000, 0x0000000100000000)
  eden space 85504K, 100% used [0x00000000d6f80000,0x00000000dc300000,0x00000000dc300000)
  from space 44032K, 50% used [0x00000000dc300000,0x00000000dd88b2d0,0x00000000dee00000)
  to   space 43520K, 0% used [0x00000000e1900000,0x00000000e1900000,0x00000000e4380000)
 ParOldGen       total 119808K, used 75613K [0x0000000084e00000, 0x000000008c300000, 0x00000000d6f80000)
  object space 119808K, 63% used [0x0000000084e00000,0x00000000897d75d0,0x000000008c300000)
 Metaspace       used 30890K, capacity 31290K, committed 31616K, reserved 1077248K
  class space    used 3622K, capacity 3702K, committed 3712K, reserved 1048576K
Event: 91.351 GC heap after
Heap after GC invocations=19 (full 3):
 PSYoungGen      total 171520K, used 9664K [0x00000000d6f80000, 0x00000000e4100000, 0x0000000100000000)
  eden space 130560K, 0% used [0x00000000d6f80000,0x00000000d6f80000,0x00000000def00000)
  from space 40960K, 23% used [0x00000000e1900000,0x00000000e22702b0,0x00000000e4100000)
  to   space 41984K, 0% used [0x00000000def00000,0x00000000def00000,0x00000000e1800000)
 ParOldGen       total 119808K, used 92244K [0x0000000084e00000, 0x000000008c300000, 0x00000000d6f80000)
  object space 119808K, 76% used [0x0000000084e00000,0x000000008a8150f8,0x000000008c300000)
 Metaspace       used 30890K, capacity 31290K, committed 31616K, reserved 1077248K
  class space    used 3622K, capacity 3702K, committed 3712K, reserved 1048576K
}

