# JRE version: Java(TM) SE Runtime Environment (8.0_161-b12) (build 1.8.0_161-b12)
# Java VM: Java HotSpot(TM) 64-Bit Server VM (25.161-b12 mixed mode windows-amd64 compressed oops)
Heap:
 PSYoungGen      total 88576K, used 55592K [0x00000000d6f80000, 0x00000000de900000, 0x0000000100000000)
  eden space 74240K, 55% used [0x00000000d6f80000,0x00000000d9802250,0x00000000db800000)
  from space 14336K, 98% used [0x00000000ddb00000,0x00000000de8c8070,0x00000000de900000)
  to   space 20480K, 0% used [0x00000000dc100000,0x00000000dc100000,0x00000000dd500000)
 ParOldGen       total 139776K, used 41096K [0x0000000084e00000, 0x000000008d680000, 0x00000000d6f80000)
  object space 139776K, 29% used [0x0000000084e00000,0x0000000087622270,0x000000008d680000)
 Metaspace       used 32056K, capacity 32418K, committed 32896K, reserved 1079296K
  class space    used 3778K, capacity 3865K, committed 3968K, reserved 1048576K
GC Heap History (10 events):
Event: 5.135 GC heap before
{Heap before GC invocations=9 (full 2):
 PSYoungGen      total 48128K, used 48122K [0x00000000d6f80000, 0x00000000dac00000, 0x0000000100000000)
  eden space 43008K, 100% used [0x00000000d6f80000,0x00000000d9980000,0x00000000d9980000)
  from space 5120K, 99% used [0x00000000da080000,0x00000000da57e8c0,0x00000000da580000)
  to   space 7168K, 0% used [0x00000000d9980000,0x00000000d9980000,0x00000000da080000)
 ParOldGen       total 55808K, used 11184K [0x0000000084e00000, 0x0000000088480000, 0x00000000d6f80000)
  object space 55808K, 20% used [0x0000000084e00000,0x00000000858ec3a8,0x0000000088480000)
 Metaspace       used 27243K, capacity 27510K, committed 27904K, reserved 1073152K
  class space    used 3212K, capacity 3299K, committed 3328K, reserved 1048576K
Event: 5.141 GC heap after
Heap after GC invocations=9 (full 2):
 PSYoungGen      total 50176K, used 7162K [0x00000000d6f80000, 0x00000000dbe00000, 0x0000000100000000)
  eden space 43008K, 0% used [0x00000000d6f80000,0x00000000d6f80000,0x00000000d9980000)
  from space 7168K, 99% used [0x00000000d9980000,0x00000000da07e8c0,0x00000000da080000)
  to   space 8192K, 0% used [0x00000000db600000,0x00000000db600000,0x00000000dbe00000)
 ParOldGen       total 55808K, used 11224K [0x0000000084e00000, 0x0000000088480000, 0x00000000d6f80000)
  object space 55808K, 20% used [0x0000000084e00000,0x00000000858f63a8,0x0000000088480000)
 Metaspace       used 27243K, capacity 27510K, committed 27904K, reserved 1073152K
  class space    used 3212K, capacity 3299K, committed 3328K, reserved 1048576K
}
Event: 7.372 GC heap before
{Heap before GC invocations=10 (full 2):
 PSYoungGen      total 50176K, used 49520K [0x00000000d6f80000, 0x00000000dbe00000, 0x0000000100000000)
  eden space 43008K, 98% used [0x00000000d6f80000,0x00000000d98ddb38,0x00000000d9980000)
  from space 7168K, 99% used [0x00000000d9980000,0x00000000da07e8c0,0x00000000da080000)
  to   space 8192K, 0% used [0x00000000db600000,0x00000000db600000,0x00000000dbe00000)
 ParOldGen       total 55808K, used 11224K [0x0000000084e00000, 0x0000000088480000, 0x00000000d6f80000)
  object space 55808K, 20% used [0x0000000084e00000,0x00000000858f63a8,0x0000000088480000)
 Metaspace       used 27652K, capacity 27958K, committed 28288K, reserved 1075200K
  class space    used 3261K, capacity 3363K, committed 3456K, reserved 1048576K
Event: 7.386 GC heap after
Heap after GC invocations=10 (full 2):
 PSYoungGen      total 71168K, used 7995K [0x00000000d6f80000, 0x00000000dbe00000, 0x0000000100000000)
  eden space 62976K, 0% used [0x00000000d6f80000,0x00000000d6f80000,0x00000000dad00000)
  from space 8192K, 97% used [0x00000000db600000,0x00000000dbdcefc0,0x00000000dbe00000)
  to   space 8704K, 0% used [0x00000000dad00000,0x00000000dad00000,0x00000000db580000)
 ParOldGen       total 55808K, used 28671K [0x0000000084e00000, 0x0000000088480000, 0x00000000d6f80000)
  object space 55808K, 51% used [0x0000000084e00000,0x00000000869ffcd8,0x0000000088480000)
 Metaspace       used 27652K, capacity 27958K, committed 28288K, reserved 1075200K
  class space    used 3261K, capacity 3363K, committed 3456K, reserved 1048576K
}
Event: 11.589 GC heap before
{Heap before GC invocations=11 (full 2):
 PSYoungGen      total 71168K, used 70971K [0x00000000d6f80000, 0x00000000dbe00000, 0x0000000100000000)
  eden space 62976K, 100% used [0x00000000d6f80000,0x00000000dad00000,0x00000000dad00000)
  from space 8192K, 97% used [0x00000000db600000,0x00000000dbdcefc0,0x00000000dbe00000)
  to   space 8704K, 0% used [0x00000000dad00000,0x00000000dad00000,0x00000000db580000)
 ParOldGen       total 55808K, used 28671K [0x0000000084e00000, 0x0000000088480000, 0x00000000d6f80000)
  object space 55808K, 51% used [0x0000000084e00000,0x00000000869ffcd8,0x0000000088480000)
 Metaspace       used 30125K, capacity 30466K, committed 30848K, reserved 1077248K
  class space    used 3559K, capacity 3657K, committed 3712K, reserved 1048576K
Event: 11.621 GC heap after
Heap after GC invocations=11 (full 2):
 PSYoungGen      total 71680K, used 8687K [0x00000000d6f80000, 0x00000000dee00000, 0x0000000100000000)
  eden space 62976K, 0% used [0x00000000d6f80000,0x00000000d6f80000,0x00000000dad00000)
  from space 8704K, 99% used [0x00000000dad00000,0x00000000db57bef8,0x00000000db580000)
  to   space 19456K, 0% used [0x00000000ddb00000,0x00000000ddb00000,0x00000000dee00000)
 ParOldGen       total 55808K, used 52861K [0x0000000084e00000, 0x0000000088480000, 0x00000000d6f80000)
  object space 55808K, 94% used [0x0000000084e00000,0x000000008819f680,0x0000000088480000)
 Metaspace       used 30125K, capacity 30466K, committed 30848K, reserved 1077248K
  class space    used 3559K, capacity 3657K, committed 3712K, reserved 1048576K
}
Event: 11.621 GC heap before
{Heap before GC invocations=12 (full 3):
 PSYoungGen      total 71680K, used 8687K [0x00000000d6f80000, 0x00000000dee00000, 0x0000000100000000)
  eden space 62976K, 0% used [0x00000000d6f80000,0x00000000d6f80000,0x00000000dad00000)
  from space 8704K, 99% used [0x00000000dad00000,0x00000000db57bef8,0x00000000db580000)
  to   space 19456K, 0% used [0x00000000ddb00000,0x00000000ddb00000,0x00000000dee00000)
 ParOldGen       total 55808K, used 52861K [0x0000000084e00000, 0x0000000088480000, 0x00000000d6f80000)
  object space 55808K, 94% used [0x0000000084e00000,0x000000008819f680,0x0000000088480000)
 Metaspace       used 30125K, capacity 30466K, committed 30848K, reserved 1077248K
  class space    used 3559K, capacity 3657K, committed 3712K, reserved 1048576K
Event: 11.789 GC heap after
Heap after GC invocations=12 (full 3):
 PSYoungGen      total 71680K, used 0K [0x00000000d6f80000, 0x00000000dee00000, 0x0000000100000000)
  eden space 62976K, 0% used [0x00000000d6f80000,0x00000000d6f80000,0x00000000dad00000)
  from space 8704K, 0% used [0x00000000dad00000,0x00000000dad00000,0x00000000db580000)
  to   space 19456K, 0% used [0x00000000ddb00000,0x00000000ddb00000,0x00000000dee00000)
 ParOldGen       total 139776K, used 41088K [0x0000000084e00000, 0x000000008d680000, 0x00000000d6f80000)
  object space 139776K, 29% used [0x0000000084e00000,0x0000000087620270,0x000000008d680000)
 Metaspace       used 30125K, capacity 30466K, committed 30848K, reserved 1077248K
  class space    used 3559K, capacity 3657K, committed 3712K, reserved 1048576K
}
Event: 25.936 GC heap before
{Heap before GC invocations=13 (full 3):
 PSYoungGen      total 71680K, used 60081K [0x00000000d6f80000, 0x00000000dee00000, 0x0000000100000000)
  eden space 62976K, 95% used [0x00000000d6f80000,0x00000000daa2c490,0x00000000dad00000)
  from space 8704K, 0% used [0x00000000dad00000,0x00000000dad00000,0x00000000db580000)
  to   space 19456K, 0% used [0x00000000ddb00000,0x00000000ddb00000,0x00000000dee00000)
 ParOldGen       total 139776K, used 41088K [0x0000000084e00000, 0x000000008d680000, 0x00000000d6f80000)
  object space 139776K, 29% used [0x0000000084e00000,0x0000000087620270,0x000000008d680000)
 Metaspace       used 31667K, capacity 32036K, committed 32512K, reserved 1077248K
  class space    used 3748K, capacity 3828K, committed 3840K, reserved 1048576K
Event: 25.953 GC heap after
Heap after GC invocations=13 (full 3):
 PSYoungGen      total 88576K, used 14112K [0x00000000d6f80000, 0x00000000de900000, 0x0000000100000000)
  eden space 74240K, 0% used [0x00000000d6f80000,0x00000000d6f80000,0x00000000db800000)
  from space 14336K, 98% used [0x00000000ddb00000,0x00000000de8c8070,0x00000000de900000)
  to   space 20480K, 0% used [0x00000000dc100000,0x00000000dc100000,0x00000000dd500000)
 ParOldGen       total 139776K, used 41096K [0x0000000084e00000, 0x000000008d680000, 0x00000000d6f80000)
  object space 139776K, 29% used [0x0000000084e00000,0x0000000087622270,0x000000008d680000)
 Metaspace       used 31667K, capacity 32036K, committed 32512K, reserved 1077248K
  class space    used 3748K, capacity 3828K, committed 3840K, reserved 1048576K
}

