# JRE version: Java(TM) SE Runtime Environment (8.0_161-b12) (build 1.8.0_161-b12)
# Java VM: Java HotSpot(TM) 64-Bit Server VM (25.161-b12 mixed mode windows-amd64 compressed oops)
Heap:
 PSYoungGen      total 81920K, used 45430K [0x00000000d6f80000, 0x00000000dd600000, 0x0000000100000000)
  eden space 75776K, 52% used [0x00000000d6f80000,0x00000000d960cd18,0x00000000db980000)
  from space 6144K, 96% used [0x00000000dd000000,0x00000000dd5d0ba0,0x00000000dd600000)
  to   space 9728K, 0% used [0x00000000dc300000,0x00000000dc300000,0x00000000dcc80000)
 ParOldGen       total 137728K, used 49254K [0x0000000084e00000, 0x000000008d480000, 0x00000000d6f80000)
  object space 137728K, 35% used [0x0000000084e00000,0x0000000087e19b00,0x000000008d480000)
 Metaspace       used 31880K, capacity 32240K, committed 32640K, reserved 1077248K
  class space    used 3772K, capacity 3863K, committed 3968K, reserved 1048576K
GC Heap History (10 events):
Event: 4.967 GC heap before
{Heap before GC invocations=9 (full 2):
 PSYoungGen      total 47616K, used 47610K [0x00000000d6f80000, 0x00000000dac00000, 0x0000000100000000)
  eden space 42496K, 100% used [0x00000000d6f80000,0x00000000d9900000,0x00000000d9900000)
  from space 5120K, 99% used [0x00000000da000000,0x00000000da4fe8c0,0x00000000da500000)
  to   space 7168K, 0% used [0x00000000d9900000,0x00000000d9900000,0x00000000da000000)
 ParOldGen       total 56832K, used 11187K [0x0000000084e00000, 0x0000000088580000, 0x00000000d6f80000)
  object space 56832K, 19% used [0x0000000084e00000,0x00000000858ecd20,0x0000000088580000)
 Metaspace       used 27175K, capacity 27460K, committed 27904K, reserved 1073152K
  class space    used 3203K, capacity 3297K, committed 3328K, reserved 1048576K
Event: 4.974 GC heap after
Heap after GC invocations=9 (full 2):
 PSYoungGen      total 49664K, used 7162K [0x00000000d6f80000, 0x00000000dbd80000, 0x0000000100000000)
  eden space 42496K, 0% used [0x00000000d6f80000,0x00000000d6f80000,0x00000000d9900000)
  from space 7168K, 99% used [0x00000000d9900000,0x00000000d9ffe8c0,0x00000000da000000)
  to   space 8192K, 0% used [0x00000000db580000,0x00000000db580000,0x00000000dbd80000)
 ParOldGen       total 56832K, used 11219K [0x0000000084e00000, 0x0000000088580000, 0x00000000d6f80000)
  object space 56832K, 19% used [0x0000000084e00000,0x00000000858f4d20,0x0000000088580000)
 Metaspace       used 27175K, capacity 27460K, committed 27904K, reserved 1073152K
  class space    used 3203K, capacity 3297K, committed 3328K, reserved 1048576K
}
Event: 6.920 GC heap before
{Heap before GC invocations=10 (full 2):
 PSYoungGen      total 49664K, used 48731K [0x00000000d6f80000, 0x00000000dbd80000, 0x0000000100000000)
  eden space 42496K, 97% used [0x00000000d6f80000,0x00000000d9818520,0x00000000d9900000)
  from space 7168K, 99% used [0x00000000d9900000,0x00000000d9ffe8c0,0x00000000da000000)
  to   space 8192K, 0% used [0x00000000db580000,0x00000000db580000,0x00000000dbd80000)
 ParOldGen       total 56832K, used 11219K [0x0000000084e00000, 0x0000000088580000, 0x00000000d6f80000)
  object space 56832K, 19% used [0x0000000084e00000,0x00000000858f4d20,0x0000000088580000)
 Metaspace       used 27641K, capacity 27972K, committed 28544K, reserved 1075200K
  class space    used 3257K, capacity 3361K, committed 3456K, reserved 1048576K
Event: 6.934 GC heap after
Heap after GC invocations=10 (full 2):
 PSYoungGen      total 70656K, used 8091K [0x00000000d6f80000, 0x00000000dbe80000, 0x0000000100000000)
  eden space 62464K, 0% used [0x00000000d6f80000,0x00000000d6f80000,0x00000000dac80000)
  from space 8192K, 98% used [0x00000000db580000,0x00000000dbd66fa0,0x00000000dbd80000)
  to   space 9216K, 0% used [0x00000000dac80000,0x00000000dac80000,0x00000000db580000)
 ParOldGen       total 56832K, used 28665K [0x0000000084e00000, 0x0000000088580000, 0x00000000d6f80000)
  object space 56832K, 50% used [0x0000000084e00000,0x00000000869fe670,0x0000000088580000)
 Metaspace       used 27641K, capacity 27972K, committed 28544K, reserved 1075200K
  class space    used 3257K, capacity 3361K, committed 3456K, reserved 1048576K
}
Event: 12.099 GC heap before
{Heap before GC invocations=11 (full 2):
 PSYoungGen      total 70656K, used 70555K [0x00000000d6f80000, 0x00000000dbe80000, 0x0000000100000000)
  eden space 62464K, 100% used [0x00000000d6f80000,0x00000000dac80000,0x00000000dac80000)
  from space 8192K, 98% used [0x00000000db580000,0x00000000dbd66fa0,0x00000000dbd80000)
  to   space 9216K, 0% used [0x00000000dac80000,0x00000000dac80000,0x00000000db580000)
 ParOldGen       total 56832K, used 28665K [0x0000000084e00000, 0x0000000088580000, 0x00000000d6f80000)
  object space 56832K, 50% used [0x0000000084e00000,0x00000000869fe670,0x0000000088580000)
 Metaspace       used 30056K, capacity 30416K, committed 30848K, reserved 1077248K
  class space    used 3558K, capacity 3655K, committed 3712K, reserved 1048576K
Event: 12.119 GC heap after
Heap after GC invocations=11 (full 2):
 PSYoungGen      total 71680K, used 8902K [0x00000000d6f80000, 0x00000000dd980000, 0x0000000100000000)
  eden space 62464K, 0% used [0x00000000d6f80000,0x00000000d6f80000,0x00000000dac80000)
  from space 9216K, 96% used [0x00000000dac80000,0x00000000db531af0,0x00000000db580000)
  to   space 9728K, 0% used [0x00000000dd000000,0x00000000dd000000,0x00000000dd980000)
 ParOldGen       total 56832K, used 51638K [0x0000000084e00000, 0x0000000088580000, 0x00000000d6f80000)
  object space 56832K, 90% used [0x0000000084e00000,0x000000008806d828,0x0000000088580000)
 Metaspace       used 30056K, capacity 30416K, committed 30848K, reserved 1077248K
  class space    used 3558K, capacity 3655K, committed 3712K, reserved 1048576K
}
Event: 12.119 GC heap before
{Heap before GC invocations=12 (full 3):
 PSYoungGen      total 71680K, used 8902K [0x00000000d6f80000, 0x00000000dd980000, 0x0000000100000000)
  eden space 62464K, 0% used [0x00000000d6f80000,0x00000000d6f80000,0x00000000dac80000)
  from space 9216K, 96% used [0x00000000dac80000,0x00000000db531af0,0x00000000db580000)
  to   space 9728K, 0% used [0x00000000dd000000,0x00000000dd000000,0x00000000dd980000)
 ParOldGen       total 56832K, used 51638K [0x0000000084e00000, 0x0000000088580000, 0x00000000d6f80000)
  object space 56832K, 90% used [0x0000000084e00000,0x000000008806d828,0x0000000088580000)
 Metaspace       used 30056K, capacity 30416K, committed 30848K, reserved 1077248K
  class space    used 3558K, capacity 3655K, committed 3712K, reserved 1048576K
Event: 12.224 GC heap after
Heap after GC invocations=12 (full 3):
 PSYoungGen      total 71680K, used 0K [0x00000000d6f80000, 0x00000000dd980000, 0x0000000100000000)
  eden space 62464K, 0% used [0x00000000d6f80000,0x00000000d6f80000,0x00000000dac80000)
  from space 9216K, 0% used [0x00000000dac80000,0x00000000dac80000,0x00000000db580000)
  to   space 9728K, 0% used [0x00000000dd000000,0x00000000dd000000,0x00000000dd980000)
 ParOldGen       total 137728K, used 41054K [0x0000000084e00000, 0x000000008d480000, 0x00000000d6f80000)
  object space 137728K, 29% used [0x0000000084e00000,0x0000000087617ae0,0x000000008d480000)
 Metaspace       used 30056K, capacity 30416K, committed 30848K, reserved 1077248K
  class space    used 3558K, capacity 3655K, committed 3712K, reserved 1048576K
}
Event: 21.194 GC heap before
{Heap before GC invocations=13 (full 3):
 PSYoungGen      total 71680K, used 60700K [0x00000000d6f80000, 0x00000000dd980000, 0x0000000100000000)
  eden space 62464K, 97% used [0x00000000d6f80000,0x00000000daac70f8,0x00000000dac80000)
  from space 9216K, 0% used [0x00000000dac80000,0x00000000dac80000,0x00000000db580000)
  to   space 9728K, 0% used [0x00000000dd000000,0x00000000dd000000,0x00000000dd980000)
 ParOldGen       total 137728K, used 41054K [0x0000000084e00000, 0x000000008d480000, 0x00000000d6f80000)
  object space 137728K, 29% used [0x0000000084e00000,0x0000000087617ae0,0x000000008d480000)
 Metaspace       used 31544K, capacity 31922K, committed 32256K, reserved 1077248K
  class space    used 3741K, capacity 3826K, committed 3840K, reserved 1048576K
Event: 21.203 GC heap after
Heap after GC invocations=13 (full 3):
 PSYoungGen      total 81920K, used 5954K [0x00000000d6f80000, 0x00000000dd600000, 0x0000000100000000)
  eden space 75776K, 0% used [0x00000000d6f80000,0x00000000d6f80000,0x00000000db980000)
  from space 6144K, 96% used [0x00000000dd000000,0x00000000dd5d0ba0,0x00000000dd600000)
  to   space 9728K, 0% used [0x00000000dc300000,0x00000000dc300000,0x00000000dcc80000)
 ParOldGen       total 137728K, used 49254K [0x0000000084e00000, 0x000000008d480000, 0x00000000d6f80000)
  object space 137728K, 35% used [0x0000000084e00000,0x0000000087e19b00,0x000000008d480000)
 Metaspace       used 31544K, capacity 31922K, committed 32256K, reserved 1077248K
  class space    used 3741K, capacity 3826K, committed 3840K, reserved 1048576K
}

